[0.234s] Invoking command in '/home/conner/mechatronics/IntroWorkSpaceCSommerfield/build/package1': CMAKE_PREFIX_PATH=${CMAKE_PREFIX_PATH}:/opt/ros/foxy /usr/bin/cmake --build /home/conner/mechatronics/IntroWorkSpaceCSommerfield/build/package1 -- -j8 -l8
[0.283s] [35m[1mScanning dependencies of target talker[0m
[0.315s] [ 50%] [32mBuilding CXX object CMakeFiles/talker.dir/src/publisher_member_function.cpp.o[0m
[2.087s] [01m[K/home/conner/mechatronics/IntroWorkSpaceCSommerfield/src/package1/src/publisher_member_function.cpp:64:5:[m[K [01;31m[Kerror: [m[Kâ€˜[01m[Kpair[m[Kâ€™ does not name a type
[2.087s]    64 |     [01;31m[Kpair[m[K<std::shared_ptr<rclcpp::Node>, rclcpp::Client<time_types::srv::ConvertTime>::SharedPtr> clientNode()
[2.088s]       |     [01;31m[K^~~~[m[K
[2.088s] [01m[K/home/conner/mechatronics/IntroWorkSpaceCSommerfield/src/package1/src/publisher_member_function.cpp:80:22:[m[K [01;35m[Kwarning: [m[Kuse of â€˜[01m[Kauto[m[Kâ€™ in parameter declaration only available with â€˜[01m[K-fconcepts[m[Kâ€™
[2.089s]    80 |     void makeRequest([01;35m[Kauto[m[K message, rclcpp::Client<time_types::srv::ConvertTime>::SharedPtr> client)
[2.089s]       |                      [01;35m[K^~~~[m[K
[2.089s] [01m[K/home/conner/mechatronics/IntroWorkSpaceCSommerfield/src/package1/src/publisher_member_function.cpp:80:91:[m[K [01;31m[Kerror: [m[Kexpected â€˜[01m[K,[m[Kâ€™ or â€˜[01m[K...[m[Kâ€™ before â€˜[01m[K>[m[Kâ€™ token
[2.090s]    80 | Request(auto message, rclcpp::Client<time_types::srv::ConvertTime>::SharedPtr[01;31m[K>[m[K client)
[2.090s]       |                                                                              [01;31m[K^[m[K
[2.090s] 
[2.090s] [01m[K/home/conner/mechatronics/IntroWorkSpaceCSommerfield/src/package1/src/publisher_member_function.cpp:[m[K In constructor â€˜[01m[KPublisherClient::PublisherClient()[m[Kâ€™:
[2.090s] [01m[K/home/conner/mechatronics/IntroWorkSpaceCSommerfield/src/package1/src/publisher_member_function.cpp:22:48:[m[K [01;31m[Kerror: [m[Kclass â€˜[01m[KPublisherClient[m[Kâ€™ does not have any field named â€˜[01m[Kcount_[m[Kâ€™
[2.091s]    22 |     PublisherClient() : Node("timepublisher"), [01;31m[Kcount_[m[K(0)
[2.091s]       |                                                [01;31m[K^~~~~~[m[K
[2.129s] [01m[K/home/conner/mechatronics/IntroWorkSpaceCSommerfield/src/package1/src/publisher_member_function.cpp:[m[K In member function â€˜[01m[Kvoid PublisherClient::awaitResponse(std::shared_ptr<rclcpp::Node>)[m[Kâ€™:
[2.130s] [01m[K/home/conner/mechatronics/IntroWorkSpaceCSommerfield/src/package1/src/publisher_member_function.cpp:97:54:[m[K [01;31m[Kerror: [m[Kâ€˜[01m[Kresult[m[Kâ€™ was not declared in this scope
[2.130s]    97 |         if (rclcpp::spin_until_future_complete(node, [01;31m[Kresult[m[K) == rclcpp::FutureReturnCode::SUCCESS)
[2.130s]       |                                                      [01;31m[K^~~~~~[m[K
[2.133s] [01m[K/home/conner/mechatronics/IntroWorkSpaceCSommerfield/src/package1/src/publisher_member_function.cpp:[m[K In member function â€˜[01m[Kvoid PublisherClient::timer_callback()[m[Kâ€™:
[2.133s] [01m[K/home/conner/mechatronics/IntroWorkSpaceCSommerfield/src/package1/src/publisher_member_function.cpp:115:9:[m[K [01;31m[Kerror: [m[Kâ€˜[01m[Knode[m[Kâ€™ was not declared in this scope; did you mean â€˜[01m[KNode[m[Kâ€™?
[2.134s]   115 |         [01;31m[Knode[m[K = PublisherClient::clientNode().first;
[2.134s]       |         [01;31m[K^~~~[m[K
[2.134s]       |         [32m[KNode[m[K
[2.134s] [01m[K/home/conner/mechatronics/IntroWorkSpaceCSommerfield/src/package1/src/publisher_member_function.cpp:115:33:[m[K [01;31m[Kerror: [m[Kâ€˜[01m[KclientNode[m[Kâ€™ is not a member of â€˜[01m[KPublisherClient[m[Kâ€™
[2.135s]   115 |         node = PublisherClient::[01;31m[KclientNode[m[K().first;
[2.135s]       |                                 [01;31m[K^~~~~~~~~~[m[K
[2.135s] [01m[K/home/conner/mechatronics/IntroWorkSpaceCSommerfield/src/package1/src/publisher_member_function.cpp:116:9:[m[K [01;31m[Kerror: [m[Kâ€˜[01m[Kclient[m[Kâ€™ was not declared in this scope; did you mean â€˜[01m[Kclient_[m[Kâ€™?
[2.135s]   116 |         [01;31m[Kclient[m[K = PublisherClient::clientNode().second;
[2.135s]       |         [01;31m[K^~~~~~[m[K
[2.135s]       |         [32m[Kclient_[m[K
[2.136s] [01m[K/home/conner/mechatronics/IntroWorkSpaceCSommerfield/src/package1/src/publisher_member_function.cpp:116:35:[m[K [01;31m[Kerror: [m[Kâ€˜[01m[KclientNode[m[Kâ€™ is not a member of â€˜[01m[KPublisherClient[m[Kâ€™
[2.136s]   116 |         client = PublisherClient::[01;31m[KclientNode[m[K().second;
[2.136s]       |                                   [01;31m[K^~~~~~~~~~[m[K
[3.293s] make[2]: *** [CMakeFiles/talker.dir/build.make:63: CMakeFiles/talker.dir/src/publisher_member_function.cpp.o] Error 1
[3.293s] make[1]: *** [CMakeFiles/Makefile2:78: CMakeFiles/talker.dir/all] Error 2
[3.293s] make: *** [Makefile:141: all] Error 2
[3.298s] Invoked command in '/home/conner/mechatronics/IntroWorkSpaceCSommerfield/build/package1' returned '2': CMAKE_PREFIX_PATH=${CMAKE_PREFIX_PATH}:/opt/ros/foxy /usr/bin/cmake --build /home/conner/mechatronics/IntroWorkSpaceCSommerfield/build/package1 -- -j8 -l8
