[0.407s] Invoking command in '/home/conner/mechatronics/IntroWorkSpaceCSommerfield/build/package1': CMAKE_PREFIX_PATH=${CMAKE_PREFIX_PATH}:/opt/ros/foxy /usr/bin/cmake --build /home/conner/mechatronics/IntroWorkSpaceCSommerfield/build/package1 -- -j8 -l8
[0.502s] [35m[1mScanning dependencies of target talker[0m
[0.586s] [ 50%] [32mBuilding CXX object CMakeFiles/talker.dir/src/publisher_member_function.cpp.o[0m
[2.984s] [01m[K/home/conner/mechatronics/IntroWorkSpaceCSommerfield/src/package1/src/publisher_member_function.cpp:[m[K In member function â€˜[01m[Kvoid PublisherClient::timer_callback()[m[Kâ€™:
[2.984s] [01m[K/home/conner/mechatronics/IntroWorkSpaceCSommerfield/src/package1/src/publisher_member_function.cpp:121:60:[m[K [01;31m[Kerror: [m[Kno matching function for call to â€˜[01m[Kspin_until_future_complete(std::shared_ptr<rclcpp::Node>&, time_types::msg::Time_<std::allocator<void> >&)[m[Kâ€™
[2.985s]   121 |         if (rclcpp::spin_until_future_complete(node, result[01;31m[K)[m[K ==
[2.986s]       |                                                            [01;31m[K^[m[K
[2.986s] In file included from [01m[K/opt/ros/foxy/include/rclcpp/rclcpp.hpp:146[m[K,
[2.986s]                  from [01m[K/home/conner/mechatronics/IntroWorkSpaceCSommerfield/src/package1/src/publisher_member_function.cpp:6[m[K:
[2.987s] [01m[K/opt/ros/foxy/include/rclcpp/executors.hpp:105:1:[m[K [01;36m[Knote: [m[Kcandidate: â€˜[01m[Ktemplate<class FutureT, class TimeRepT, class TimeT> rclcpp::FutureReturnCode rclcpp::spin_until_future_complete(rclcpp::node_interfaces::NodeBaseInterface::SharedPtr, const std::shared_future<_Res>&, std::chrono::duration<_Rep, _Period>)[m[Kâ€™
[2.987s]   105 | [01;36m[Kspin_until_future_complete[m[K(
[2.987s]       | [01;36m[K^~~~~~~~~~~~~~~~~~~~~~~~~~[m[K
[2.988s] [01m[K/opt/ros/foxy/include/rclcpp/executors.hpp:105:1:[m[K [01;36m[Knote: [m[K  template argument deduction/substitution failed:
[2.988s] [01m[K/home/conner/mechatronics/IntroWorkSpaceCSommerfield/src/package1/src/publisher_member_function.cpp:121:60:[m[K [01;36m[Knote: [m[K  â€˜[01m[Ktime_types::msg::Time_<std::allocator<void> >[m[Kâ€™ is not derived from â€˜[01m[Kconst std::shared_future<_Res>[m[Kâ€™
[2.988s]   121 |         if (rclcpp::spin_until_future_complete(node, result[01;36m[K)[m[K ==
[2.988s]       |                                                            [01;36m[K^[m[K
[2.988s] In file included from [01m[K/opt/ros/foxy/include/rclcpp/rclcpp.hpp:146[m[K,
[2.989s]                  from [01m[K/home/conner/mechatronics/IntroWorkSpaceCSommerfield/src/package1/src/publisher_member_function.cpp:6[m[K:
[2.989s] [01m[K/opt/ros/foxy/include/rclcpp/executors.hpp:117:1:[m[K [01;36m[Knote: [m[Kcandidate: â€˜[01m[Ktemplate<class NodeT, class FutureT, class TimeRepT, class TimeT> rclcpp::FutureReturnCode rclcpp::spin_until_future_complete(std::shared_ptr<_Tp>, const std::shared_future<ResponseT>&, std::chrono::duration<_Rep2, _Period2>)[m[Kâ€™
[2.989s]   117 | [01;36m[Kspin_until_future_complete[m[K(
[2.989s]       | [01;36m[K^~~~~~~~~~~~~~~~~~~~~~~~~~[m[K
[2.990s] [01m[K/opt/ros/foxy/include/rclcpp/executors.hpp:117:1:[m[K [01;36m[Knote: [m[K  template argument deduction/substitution failed:
[2.990s] [01m[K/home/conner/mechatronics/IntroWorkSpaceCSommerfield/src/package1/src/publisher_member_function.cpp:121:60:[m[K [01;36m[Knote: [m[K  â€˜[01m[Ktime_types::msg::Time_<std::allocator<void> >[m[Kâ€™ is not derived from â€˜[01m[Kconst std::shared_future<ResponseT>[m[Kâ€™
[2.990s]   121 |         if (rclcpp::spin_until_future_complete(node, result[01;36m[K)[m[K ==
[2.990s]       |                                                            [01;36m[K^[m[K
[2.990s] In file included from [01m[K/opt/ros/foxy/include/rclcpp/client.hpp:40[m[K,
[2.991s]                  from [01m[K/opt/ros/foxy/include/rclcpp/callback_group.hpp:23[m[K,
[2.991s]                  from [01m[K/opt/ros/foxy/include/rclcpp/any_executable.hpp:20[m[K,
[2.991s]                  from [01m[K/opt/ros/foxy/include/rclcpp/memory_strategy.hpp:24[m[K,
[2.991s]                  from [01m[K/opt/ros/foxy/include/rclcpp/memory_strategies.hpp:18[m[K,
[2.992s]                  from [01m[K/opt/ros/foxy/include/rclcpp/executor_options.hpp:20[m[K,
[2.992s]                  from [01m[K/opt/ros/foxy/include/rclcpp/executor.hpp:33[m[K,
[2.992s]                  from [01m[K/opt/ros/foxy/include/rclcpp/executors/multi_threaded_executor.hpp:26[m[K,
[2.992s]                  from [01m[K/opt/ros/foxy/include/rclcpp/executors.hpp:21[m[K,
[2.992s]                  from [01m[K/opt/ros/foxy/include/rclcpp/rclcpp.hpp:146[m[K,
[2.993s]                  from [01m[K/home/conner/mechatronics/IntroWorkSpaceCSommerfield/src/package1/src/publisher_member_function.cpp:6[m[K:
[2.993s] [01m[K/home/conner/mechatronics/IntroWorkSpaceCSommerfield/src/package1/src/publisher_member_function.cpp:125:88:[m[K [01;31m[Kerror: [m[Kâ€˜[01m[Kstruct time_types::msg::Time_<std::allocator<void> >[m[Kâ€™ has no member named â€˜[01m[Kget[m[Kâ€™
[2.993s]   125 | _INFO(rclcpp::get_logger("timepublisher"), "Date/Time: %s\n", result.[01;31m[Kget[m[K()->humantime.c_str());
[2.993s]       |                                                                      [01;31m[K^~~[m[K
[2.994s] 
[3.142s] /home/conner/mechatronics/IntroWorkSpaceCSommerfield/src/package1/src/publisher_member_function.cpp: In instantiation of â€˜[01m[KT PublisherClient::acceptRequest(rclcpp::Client<time_types::srv::ConvertTime>::SharedPtr, T) [with T = time_types::msg::Time_<std::allocator<void> >; rclcpp::Client<time_types::srv::ConvertTime>::SharedPtr = std::shared_ptr<rclcpp::Client<time_types::srv::ConvertTime> >][m[Kâ€™:
[3.142s] [01m[K/home/conner/mechatronics/IntroWorkSpaceCSommerfield/src/package1/src/publisher_member_function.cpp:119:52:[m[K   required from here
[3.143s] [01m[K/home/conner/mechatronics/IntroWorkSpaceCSommerfield/src/package1/src/publisher_member_function.cpp:91:11:[m[K [01;31m[Kerror: [m[Kconversion from â€˜[01m[Krclcpp::Client<time_types::srv::ConvertTime>::SharedFuture[m[Kâ€™ {aka â€˜[01m[Kstd::shared_future<std::shared_ptr<time_types::srv::ConvertTime_Response_<std::allocator<void> > > >[m[Kâ€™} to non-scalar type â€˜[01m[Ktime_types::msg::Time_<std::allocator<void> >[m[Kâ€™ requested
[3.143s]    91 |         T [01;31m[Kresult[m[K = client->async_send_request(request);
[3.143s]       |           [01;31m[K^~~~~~[m[K
[5.263s] make[2]: *** [CMakeFiles/talker.dir/build.make:63: CMakeFiles/talker.dir/src/publisher_member_function.cpp.o] Error 1
[5.264s] make[1]: *** [CMakeFiles/Makefile2:78: CMakeFiles/talker.dir/all] Error 2
[5.265s] make: *** [Makefile:141: all] Error 2
[5.275s] Invoked command in '/home/conner/mechatronics/IntroWorkSpaceCSommerfield/build/package1' returned '2': CMAKE_PREFIX_PATH=${CMAKE_PREFIX_PATH}:/opt/ros/foxy /usr/bin/cmake --build /home/conner/mechatronics/IntroWorkSpaceCSommerfield/build/package1 -- -j8 -l8
