[0.031s] Invoking command in '/home/conner/mechatronics/IntroWorkSpaceCSommerfield/build/package2': CMAKE_PREFIX_PATH=${CMAKE_PREFIX_PATH}:/opt/ros/foxy /usr/bin/cmake --build /home/conner/mechatronics/IntroWorkSpaceCSommerfield/build/package2 -- -j8 -l8
[0.088s] [35m[1mScanning dependencies of target listener[0m
[0.129s] [ 50%] [32mBuilding CXX object CMakeFiles/listener.dir/src/subscriber_member_function.cpp.o[0m
[1.603s] [01m[K/home/conner/mechatronics/IntroWorkSpaceCSommerfield/src/package2/src/subscriber_member_function.cpp:[m[K In constructor â€˜[01m[KSubscriberServer::SubscriberServer()[m[Kâ€™:
[1.603s] [01m[K/home/conner/mechatronics/IntroWorkSpaceCSommerfield/src/package2/src/subscriber_member_function.cpp:29:47:[m[K [01;31m[Kerror: [m[Kâ€˜[01m[Ktime_type[m[Kâ€™ was not declared in this scope; did you mean â€˜[01m[Ktime_types[m[Kâ€™?
[1.604s]    29 |     subscription_ = this->create_subscription<[01;31m[Ktime_type[m[K::msg::Time>(
[1.604s]       |                                               [01;31m[K^~~~~~~~~[m[K
[1.604s]       |                                               [32m[Ktime_types[m[K
[1.604s] [01m[K/home/conner/mechatronics/IntroWorkSpaceCSommerfield/src/package2/src/subscriber_member_function.cpp:29:27:[m[K [01;31m[Kerror: [m[Kparse error in template argument list
[1.604s]    29 |     subscription_ = this->[01;31m[Kcreate_subscription<time_type::msg::Time>[m[K(
[1.604s]       |                           [01;31m[K^~~~~~~~~~~~~~~~~~~~~~~~~~~~~~~~~~~~~~~~~[m[K
[1.612s] [01m[K/home/conner/mechatronics/IntroWorkSpaceCSommerfield/src/package2/src/subscriber_member_function.cpp:30:84:[m[K [01;31m[Kerror: [m[Kno matching function for call to â€˜[01m[KSubscriberServer::create_subscription<<expression error> >(const char [16], int, std::_Bind_helper<false, void (SubscriberServer::*)(std::shared_ptr<time_types::msg::Time_<std::allocator<void> > >) const, SubscriberServer*, const std::_Placeholder<1>&>::type)[m[Kâ€™
[1.612s]    30 |       "unix_epoch_time", 10, std::bind(&SubscriberServer::topic_callback, this, _1)[01;31m[K)[m[K;
[1.612s]       |                                                                                    [01;31m[K^[m[K
[1.612s] In file included from [01m[K/opt/ros/foxy/include/rclcpp/executors/single_threaded_executor.hpp:28[m[K,
[1.612s]                  from [01m[K/opt/ros/foxy/include/rclcpp/executors.hpp:22[m[K,
[1.612s]                  from [01m[K/opt/ros/foxy/include/rclcpp/rclcpp.hpp:146[m[K,
[1.612s]                  from [01m[K/home/conner/mechatronics/IntroWorkSpaceCSommerfield/src/package2/src/subscriber_member_function.cpp:18[m[K:
[1.612s] [01m[K/opt/ros/foxy/include/rclcpp/node.hpp:213:3:[m[K [01;36m[Knote: [m[Kcandidate: â€˜[01m[Ktemplate<class MessageT, class CallbackT, class AllocatorT, class CallbackMessageT, class SubscriptionT, class MessageMemoryStrategyT> std::shared_ptr<SubscriptionT> rclcpp::Node::create_subscription(const string&, const rclcpp::QoS&, CallbackT&&, const rclcpp::SubscriptionOptionsWithAllocator<AllocatorT>&, typename MessageMemoryStrategyT::SharedPtr)[m[Kâ€™
[1.613s]   213 |   [01;36m[Kcreate_subscription[m[K(
[1.613s]       |   [01;36m[K^~~~~~~~~~~~~~~~~~~[m[K
[1.613s] [01m[K/opt/ros/foxy/include/rclcpp/node.hpp:213:3:[m[K [01;36m[Knote: [m[K  template argument deduction/substitution failed:
[1.613s] [01m[K/home/conner/mechatronics/IntroWorkSpaceCSommerfield/src/package2/src/subscriber_member_function.cpp:30:84:[m[K [01;31m[Kerror: [m[Ktemplate argument 1 is invalid
[1.613s]    30 |       "unix_epoch_time", 10, std::bind(&SubscriberServer::topic_callback, this, _1)[01;31m[K)[m[K;
[1.613s]       |                                                                                    [01;31m[K^[m[K
[2.003s] make[2]: *** [CMakeFiles/listener.dir/build.make:63: CMakeFiles/listener.dir/src/subscriber_member_function.cpp.o] Error 1
[2.004s] make[1]: *** [CMakeFiles/Makefile2:78: CMakeFiles/listener.dir/all] Error 2
[2.004s] make: *** [Makefile:141: all] Error 2
[2.008s] Invoked command in '/home/conner/mechatronics/IntroWorkSpaceCSommerfield/build/package2' returned '2': CMAKE_PREFIX_PATH=${CMAKE_PREFIX_PATH}:/opt/ros/foxy /usr/bin/cmake --build /home/conner/mechatronics/IntroWorkSpaceCSommerfield/build/package2 -- -j8 -l8
