[0.387s] Invoking command in '/home/conner/mechatronics/IntroWorkSpaceCSommerfield/build/package1': CMAKE_PREFIX_PATH=${CMAKE_PREFIX_PATH}:/opt/ros/foxy /usr/bin/cmake --build /home/conner/mechatronics/IntroWorkSpaceCSommerfield/build/package1 -- -j8 -l8
[0.455s] [35m[1mScanning dependencies of target talker[0m
[0.508s] [ 50%] [32mBuilding CXX object CMakeFiles/talker.dir/src/publisher_member_function.cpp.o[0m
[2.399s] [01m[K/home/conner/mechatronics/IntroWorkSpaceCSommerfield/src/package1/src/publisher_member_function.cpp:[m[K In constructor â€˜[01m[KPublisherClient::PublisherClient()[m[Kâ€™:
[2.399s] [01m[K/home/conner/mechatronics/IntroWorkSpaceCSommerfield/src/package1/src/publisher_member_function.cpp:35:5:[m[K [01;31m[Kerror: [m[Kâ€˜[01m[Kclient_[m[Kâ€™ was not declared in this scope
[2.400s]    35 |     [01;31m[Kclient_[m[K = this->create_client<time_types::srv::ConvertTime>("convert_time");
[2.400s]       |     [01;31m[K^~~~~~~[m[K
[2.401s] [01m[K/home/conner/mechatronics/IntroWorkSpaceCSommerfield/src/package1/src/publisher_member_function.cpp:35:47:[m[K [01;31m[Kerror: [m[Kâ€˜[01m[Ksrv[m[Kâ€™ is not a member of â€˜[01m[Ktime_types[m[Kâ€™; did you mean â€˜[01m[Krcl_interfaces::srv[m[Kâ€™?
[2.401s]    35 |     client_ = this->create_client<time_types::[01;31m[Ksrv[m[K::ConvertTime>("convert_time");
[2.401s]       |                                               [01;31m[K^~~[m[K
[2.401s] In file included from [01m[K/opt/ros/foxy/include/rcl_interfaces/srv/describe_parameters.hpp:7[m[K,
[2.402s]                  from [01m[K/opt/ros/foxy/include/rclcpp/parameter_client.hpp:26[m[K,
[2.402s]                  from [01m[K/opt/ros/foxy/include/rclcpp/rclcpp.hpp:151[m[K,
[2.402s]                  from [01m[K/home/conner/mechatronics/IntroWorkSpaceCSommerfield/src/package1/src/publisher_member_function.cpp:19[m[K:
[2.403s] [01m[K/opt/ros/foxy/include/rcl_interfaces/srv/detail/describe_parameters__struct.hpp:26:11:[m[K [01;36m[Knote: [m[Kâ€˜[01m[Krcl_interfaces::srv[m[Kâ€™ declared here
[2.403s]    26 | namespace [01;36m[Ksrv[m[K
[2.403s]       |           [01;36m[K^~~[m[K
[2.403s] [01m[K/home/conner/mechatronics/IntroWorkSpaceCSommerfield/src/package1/src/publisher_member_function.cpp:35:47:[m[K [01;31m[Kerror: [m[Kâ€˜[01m[Ksrv[m[Kâ€™ is not a member of â€˜[01m[Ktime_types[m[Kâ€™; did you mean â€˜[01m[Krcl_interfaces::srv[m[Kâ€™?
[2.404s]    35 |     client_ = this->create_client<time_types::[01;31m[Ksrv[m[K::ConvertTime>("convert_time");
[2.404s]       |                                               [01;31m[K^~~[m[K
[2.404s] In file included from [01m[K/opt/ros/foxy/include/rcl_interfaces/srv/describe_parameters.hpp:7[m[K,
[2.405s]                  from [01m[K/opt/ros/foxy/include/rclcpp/parameter_client.hpp:26[m[K,
[2.405s]                  from [01m[K/opt/ros/foxy/include/rclcpp/rclcpp.hpp:151[m[K,
[2.405s]                  from [01m[K/home/conner/mechatronics/IntroWorkSpaceCSommerfield/src/package1/src/publisher_member_function.cpp:19[m[K:
[2.406s] [01m[K/opt/ros/foxy/include/rcl_interfaces/srv/detail/describe_parameters__struct.hpp:26:11:[m[K [01;36m[Knote: [m[Kâ€˜[01m[Krcl_interfaces::srv[m[Kâ€™ declared here
[2.406s]    26 | namespace [01;36m[Ksrv[m[K
[2.406s]       |           [01;36m[K^~~[m[K
[2.406s] [01m[K/home/conner/mechatronics/IntroWorkSpaceCSommerfield/src/package1/src/publisher_member_function.cpp:35:21:[m[K [01;31m[Kerror: [m[Kparse error in template argument list
[2.407s]    35 |     client_ = this->[01;31m[Kcreate_client<time_types::srv::ConvertTime>[m[K("convert_time");
[2.407s]       |                     [01;31m[K^~~~~~~~~~~~~~~~~~~~~~~~~~~~~~~~~~~~~~~~~~~[m[K
[2.407s] [01m[K/home/conner/mechatronics/IntroWorkSpaceCSommerfield/src/package1/src/publisher_member_function.cpp:35:79:[m[K [01;31m[Kerror: [m[Kno matching function for call to â€˜[01m[KPublisherClient::create_client<<expression error> >(const char [13])[m[Kâ€™
[2.407s]    35 |     client_ = this->create_client<time_types::srv::ConvertTime>("convert_time"[01;31m[K)[m[K;
[2.408s]       |                                                                               [01;31m[K^[m[K
[2.408s] In file included from [01m[K/opt/ros/foxy/include/rclcpp/executors/single_threaded_executor.hpp:28[m[K,
[2.408s]                  from [01m[K/opt/ros/foxy/include/rclcpp/executors.hpp:22[m[K,
[2.409s]                  from [01m[K/opt/ros/foxy/include/rclcpp/rclcpp.hpp:146[m[K,
[2.409s]                  from [01m[K/home/conner/mechatronics/IntroWorkSpaceCSommerfield/src/package1/src/publisher_member_function.cpp:19[m[K:
[2.410s] [01m[K/opt/ros/foxy/include/rclcpp/node.hpp:246:3:[m[K [01;36m[Knote: [m[Kcandidate: â€˜[01m[Ktemplate<class ServiceT> typename rclcpp::Client<ServiceT>::SharedPtr rclcpp::Node::create_client(const string&, const rmw_qos_profile_t&, rclcpp::CallbackGroup::SharedPtr)[m[Kâ€™
[2.410s]   246 |   [01;36m[Kcreate_client[m[K(
[2.410s]       |   [01;36m[K^~~~~~~~~~~~~[m[K
[2.411s] [01m[K/opt/ros/foxy/include/rclcpp/node.hpp:246:3:[m[K [01;36m[Knote: [m[K  template argument deduction/substitution failed:
[2.411s] [01m[K/home/conner/mechatronics/IntroWorkSpaceCSommerfield/src/package1/src/publisher_member_function.cpp:35:79:[m[K [01;31m[Kerror: [m[Ktemplate argument 1 is invalid
[2.411s]    35 |     client_ = this->create_client<time_types::srv::ConvertTime>("convert_time"[01;31m[K)[m[K;
[2.411s]       |                                                                               [01;31m[K^[m[K
[2.427s] [01m[K/home/conner/mechatronics/IntroWorkSpaceCSommerfield/src/package1/src/publisher_member_function.cpp:[m[K In member function â€˜[01m[Kvoid PublisherClient::timer_callback()[m[Kâ€™:
[2.428s] [01m[K/home/conner/mechatronics/IntroWorkSpaceCSommerfield/src/package1/src/publisher_member_function.cpp:56:49:[m[K [01;31m[Kerror: [m[Kâ€˜[01m[Ksrv[m[Kâ€™ is not a member of â€˜[01m[Ktime_types[m[Kâ€™; did you mean â€˜[01m[Krcl_interfaces::srv[m[Kâ€™?
[2.428s]    56 |     auto request = std::make_shared<time_types::[01;31m[Ksrv[m[K::ConvertTime::Request>();
[2.428s]       |                                                 [01;31m[K^~~[m[K
[2.429s] In file included from [01m[K/opt/ros/foxy/include/rcl_interfaces/srv/describe_parameters.hpp:7[m[K,
[2.429s]                  from [01m[K/opt/ros/foxy/include/rclcpp/parameter_client.hpp:26[m[K,
[2.429s]                  from [01m[K/opt/ros/foxy/include/rclcpp/rclcpp.hpp:151[m[K,
[2.429s]                  from [01m[K/home/conner/mechatronics/IntroWorkSpaceCSommerfield/src/package1/src/publisher_member_function.cpp:19[m[K:
[2.430s] [01m[K/opt/ros/foxy/include/rcl_interfaces/srv/detail/describe_parameters__struct.hpp:26:11:[m[K [01;36m[Knote: [m[Kâ€˜[01m[Krcl_interfaces::srv[m[Kâ€™ declared here
[2.430s]    26 | namespace [01;36m[Ksrv[m[K
[2.431s]       |           [01;36m[K^~~[m[K
[2.431s] [01m[K/home/conner/mechatronics/IntroWorkSpaceCSommerfield/src/package1/src/publisher_member_function.cpp:56:49:[m[K [01;31m[Kerror: [m[Kâ€˜[01m[Ksrv[m[Kâ€™ is not a member of â€˜[01m[Ktime_types[m[Kâ€™; did you mean â€˜[01m[Krcl_interfaces::srv[m[Kâ€™?
[2.431s]    56 |     auto request = std::make_shared<time_types::[01;31m[Ksrv[m[K::ConvertTime::Request>();
[2.431s]       |                                                 [01;31m[K^~~[m[K
[2.432s] In file included from [01m[K/opt/ros/foxy/include/rcl_interfaces/srv/describe_parameters.hpp:7[m[K,
[2.432s]                  from [01m[K/opt/ros/foxy/include/rclcpp/parameter_client.hpp:26[m[K,
[2.432s]                  from [01m[K/opt/ros/foxy/include/rclcpp/rclcpp.hpp:151[m[K,
[2.433s]                  from [01m[K/home/conner/mechatronics/IntroWorkSpaceCSommerfield/src/package1/src/publisher_member_function.cpp:19[m[K:
[2.433s] [01m[K/opt/ros/foxy/include/rcl_interfaces/srv/detail/describe_parameters__struct.hpp:26:11:[m[K [01;36m[Knote: [m[Kâ€˜[01m[Krcl_interfaces::srv[m[Kâ€™ declared here
[2.433s]    26 | namespace [01;36m[Ksrv[m[K
[2.433s]       |           [01;36m[K^~~[m[K
[2.434s] [01m[K/home/conner/mechatronics/IntroWorkSpaceCSommerfield/src/package1/src/publisher_member_function.cpp:56:25:[m[K [01;31m[Kerror: [m[Kparse error in template argument list
[2.434s]    56 |     auto request = std::[01;31m[Kmake_shared<time_types::srv::ConvertTime::Request>[m[K();
[2.434s]       |                         [01;31m[K^~~~~~~~~~~~~~~~~~~~~~~~~~~~~~~~~~~~~~~~~~~~~~~~~~[m[K
[2.434s] [01m[K/home/conner/mechatronics/IntroWorkSpaceCSommerfield/src/package1/src/publisher_member_function.cpp:56:76:[m[K [01;31m[Kerror: [m[Kno matching function for call to â€˜[01m[Kmake_shared<<expression error> >()[m[Kâ€™
[2.435s]    56 |     auto request = std::make_shared<time_types::srv::ConvertTime::Request>([01;31m[K)[m[K;
[2.435s]       |                                                                            [01;31m[K^[m[K
[2.435s] In file included from [01m[K/usr/include/c++/9/memory:81[m[K,
[2.436s]                  from [01m[K/home/conner/mechatronics/IntroWorkSpaceCSommerfield/src/package1/src/publisher_member_function.cpp:16[m[K:
[2.436s] [01m[K/usr/include/c++/9/bits/shared_ptr.h:714:5:[m[K [01;36m[Knote: [m[Kcandidate: â€˜[01m[Ktemplate<class _Tp, class ... _Args> std::shared_ptr<_Tp> std::make_shared(_Args&& ...)[m[Kâ€™
[2.436s]   714 |     [01;36m[Kmake_shared[m[K(_Args&&... __args)
[2.436s]       |     [01;36m[K^~~~~~~~~~~[m[K
[2.437s] [01m[K/usr/include/c++/9/bits/shared_ptr.h:714:5:[m[K [01;36m[Knote: [m[K  template argument deduction/substitution failed:
[2.437s] [01m[K/home/conner/mechatronics/IntroWorkSpaceCSommerfield/src/package1/src/publisher_member_function.cpp:56:76:[m[K [01;31m[Kerror: [m[Ktemplate argument 1 is invalid
[2.437s]    56 |     auto request = std::make_shared<time_types::srv::ConvertTime::Request>([01;31m[K)[m[K;
[2.438s]       |                                                                            [01;31m[K^[m[K
[2.438s] [01m[K/home/conner/mechatronics/IntroWorkSpaceCSommerfield/src/package1/src/publisher_member_function.cpp:58:5:[m[K [01;31m[Kerror: [m[Kâ€˜[01m[Kclient[m[Kâ€™ was not declared in this scope
[2.438s]    58 |     [01;31m[Kclient[m[K->wait_for_service(4s)
[2.438s]       |     [01;31m[K^~~~~~[m[K
[2.439s] [01m[K/home/conner/mechatronics/IntroWorkSpaceCSommerfield/src/package1/src/publisher_member_function.cpp:61:44:[m[K [01;31m[Kerror: [m[Kâ€˜[01m[Knode[m[Kâ€™ was not declared in this scope; did you mean â€˜[01m[KNode[m[Kâ€™?
[2.439s]    61 |     if (rclcpp::spin_until_future_complete([01;31m[Knode[m[K, result) ==
[2.439s]       |                                            [01;31m[K^~~~[m[K
[2.440s]       |                                            [32m[KNode[m[K
[2.440s] [01m[K/home/conner/mechatronics/IntroWorkSpaceCSommerfield/src/package1/src/publisher_member_function.cpp:61:50:[m[K [01;31m[Kerror: [m[Kâ€˜[01m[Kresult[m[Kâ€™ was not declared in this scope
[2.440s]    61 |     if (rclcpp::spin_until_future_complete(node, [01;31m[Kresult[m[K) ==
[2.440s]       |                                                  [01;31m[K^~~~~~[m[K
[3.677s] make[2]: *** [CMakeFiles/talker.dir/build.make:63: CMakeFiles/talker.dir/src/publisher_member_function.cpp.o] Error 1
[3.678s] make[1]: *** [CMakeFiles/Makefile2:78: CMakeFiles/talker.dir/all] Error 2
[3.678s] make: *** [Makefile:141: all] Error 2
[3.683s] Invoked command in '/home/conner/mechatronics/IntroWorkSpaceCSommerfield/build/package1' returned '2': CMAKE_PREFIX_PATH=${CMAKE_PREFIX_PATH}:/opt/ros/foxy /usr/bin/cmake --build /home/conner/mechatronics/IntroWorkSpaceCSommerfield/build/package1 -- -j8 -l8
