[0.029s] Invoking command in '/home/conner/mechatronics/IntroWorkSpaceCSommerfield/build/package1': CMAKE_PREFIX_PATH=/opt/ros/foxy /usr/bin/cmake --build /home/conner/mechatronics/IntroWorkSpaceCSommerfield/build/package1 -- -j8 -l8
[0.074s] [35m[1mScanning dependencies of target talker[0m
[0.084s] [  2%] Built target package1__cpp
[0.087s] [ 12%] Built target package1__rosidl_generator_c
[0.105s] [ 14%] [32mBuilding CXX object CMakeFiles/talker.dir/src/publisher_member_function.cpp.o[0m
[0.112s] [ 31%] Built target package1__rosidl_typesupport_cpp
[0.113s] [ 34%] Built target package1__rosidl_typesupport_introspection_cpp
[0.113s] [ 43%] Built target package1__rosidl_typesupport_c
[0.115s] [ 60%] Built target package1__rosidl_typesupport_fastrtps_cpp
[0.116s] [ 63%] Built target package1__rosidl_typesupport_introspection_c
[0.141s] [ 73%] Built target package1__rosidl_typesupport_fastrtps_c
[0.163s] [ 73%] Built target package1
[0.185s] [ 75%] Built target package1__py
[0.213s] [ 82%] Built target package1__python
[0.238s] [ 87%] Built target package1__rosidl_typesupport_fastrtps_c__pyext
[0.245s] [ 92%] Built target package1__rosidl_typesupport_c__pyext
[0.246s] [ 97%] Built target package1__rosidl_typesupport_introspection_c__pyext
[1.551s] [01m[K/home/conner/mechatronics/IntroWorkSpaceCSommerfield/src/package1/src/publisher_member_function.cpp:[m[K In constructor â€˜[01m[KPublisherClient::PublisherClient()[m[Kâ€™:
[1.551s] [01m[K/home/conner/mechatronics/IntroWorkSpaceCSommerfield/src/package1/src/publisher_member_function.cpp:33:41:[m[K [01;31m[Kerror: [m[Kâ€˜[01m[Kpackage1[m[Kâ€™ was not declared in this scope
[1.551s]    33 |     publisher_ = this->create_publisher<[01;31m[Kpackage1[m[K::msg::Time>("unix_epoch_time", 10);
[1.551s]       |                                         [01;31m[K^~~~~~~~[m[K
[1.552s] [01m[K/home/conner/mechatronics/IntroWorkSpaceCSommerfield/src/package1/src/publisher_member_function.cpp:33:24:[m[K [01;31m[Kerror: [m[Kparse error in template argument list
[1.552s]    33 |     publisher_ = this->[01;31m[Kcreate_publisher<package1::msg::Time>[m[K("unix_epoch_time", 10);
[1.552s]       |                        [01;31m[K^~~~~~~~~~~~~~~~~~~~~~~~~~~~~~~~~~~~~[m[K
[1.552s] [01m[K/home/conner/mechatronics/IntroWorkSpaceCSommerfield/src/package1/src/publisher_member_function.cpp:33:83:[m[K [01;31m[Kerror: [m[Kno matching function for call to â€˜[01m[KPublisherClient::create_publisher<<expression error> >(const char [16], int)[m[Kâ€™
[1.552s]    33 |     publisher_ = this->create_publisher<package1::msg::Time>("unix_epoch_time", 10[01;31m[K)[m[K;
[1.552s]       |                                                                                   [01;31m[K^[m[K
[1.552s] In file included from [01m[K/opt/ros/foxy/include/rclcpp/executors/single_threaded_executor.hpp:28[m[K,
[1.552s]                  from [01m[K/opt/ros/foxy/include/rclcpp/executors.hpp:22[m[K,
[1.553s]                  from [01m[K/opt/ros/foxy/include/rclcpp/rclcpp.hpp:146[m[K,
[1.553s]                  from [01m[K/home/conner/mechatronics/IntroWorkSpaceCSommerfield/src/package1/src/publisher_member_function.cpp:19[m[K:
[1.553s] [01m[K/opt/ros/foxy/include/rclcpp/node.hpp:184:3:[m[K [01;36m[Knote: [m[Kcandidate: â€˜[01m[Ktemplate<class MessageT, class AllocatorT, class PublisherT> std::shared_ptr<PublisherT> rclcpp::Node::create_publisher(const string&, const rclcpp::QoS&, const rclcpp::PublisherOptionsWithAllocator<AllocatorT>&)[m[Kâ€™
[1.553s]   184 |   [01;36m[Kcreate_publisher[m[K(
[1.553s]       |   [01;36m[K^~~~~~~~~~~~~~~~[m[K
[1.553s] [01m[K/opt/ros/foxy/include/rclcpp/node.hpp:184:3:[m[K [01;36m[Knote: [m[K  template argument deduction/substitution failed:
[1.553s] [01m[K/home/conner/mechatronics/IntroWorkSpaceCSommerfield/src/package1/src/publisher_member_function.cpp:33:83:[m[K [01;31m[Kerror: [m[Ktemplate argument 1 is invalid
[1.554s]    33 |     publisher_ = this->create_publisher<package1::msg::Time>("unix_epoch_time", 10[01;31m[K)[m[K;
[1.554s]       |                                                                                   [01;31m[K^[m[K
[1.567s] [01m[K/home/conner/mechatronics/IntroWorkSpaceCSommerfield/src/package1/src/publisher_member_function.cpp:[m[K In member function â€˜[01m[Kvoid PublisherClient::timer_callback()[m[Kâ€™:
[1.567s] [01m[K/home/conner/mechatronics/IntroWorkSpaceCSommerfield/src/package1/src/publisher_member_function.cpp:47:20:[m[K [01;31m[Kerror: [m[Kâ€˜[01m[Kpackage1[m[Kâ€™ has not been declared
[1.567s]    47 |     auto message = [01;31m[Kpackage1[m[K::msg::Time;
[1.568s]       |                    [01;31m[K^~~~~~~~[m[K
[2.026s] make[2]: *** [CMakeFiles/talker.dir/build.make:63: CMakeFiles/talker.dir/src/publisher_member_function.cpp.o] Error 1
[2.026s] make[1]: *** [CMakeFiles/Makefile2:123: CMakeFiles/talker.dir/all] Error 2
[2.027s] make: *** [Makefile:141: all] Error 2
[2.032s] Invoked command in '/home/conner/mechatronics/IntroWorkSpaceCSommerfield/build/package1' returned '2': CMAKE_PREFIX_PATH=/opt/ros/foxy /usr/bin/cmake --build /home/conner/mechatronics/IntroWorkSpaceCSommerfield/build/package1 -- -j8 -l8
