In file included from [01m[K/home/conner/mechatronics/IntroWorkSpaceCSommerfield/src/package1/src/publisher_member_function.cpp:21[m[K:
[01m[K/home/conner/mechatronics/IntroWorkSpaceCSommerfield/src/package1/src/msg/Time.msg:1:1:[m[K [01;31m[Kerror: [m[Kâ€˜[01m[Kint64[m[Kâ€™ does not name a type; did you mean â€˜[01m[Krintf64[m[Kâ€™?
    1 | [01;31m[Kint64[m[K time
      | [01;31m[K^~~~~[m[K
      | [32m[Krintf64[m[K
[01m[K/home/conner/mechatronics/IntroWorkSpaceCSommerfield/src/package1/src/publisher_member_function.cpp:[m[K In constructor â€˜[01m[KPublisherClient::PublisherClient()[m[Kâ€™:
[01m[K/home/conner/mechatronics/IntroWorkSpaceCSommerfield/src/package1/src/publisher_member_function.cpp:34:41:[m[K [01;31m[Kerror: [m[Kâ€˜[01m[Kpackage1[m[Kâ€™ was not declared in this scope
   34 |     publisher_ = this->create_publisher<[01;31m[Kpackage1[m[K::msg::Time()>("unix_epoch_time", 10);
      |                                         [01;31m[K^~~~~~~~[m[K
[01m[K/home/conner/mechatronics/IntroWorkSpaceCSommerfield/src/package1/src/publisher_member_function.cpp:34:24:[m[K [01;31m[Kerror: [m[Kparse error in template argument list
   34 |     publisher_ = this->[01;31m[Kcreate_publisher<package1::msg::Time()>[m[K("unix_epoch_time", 10);
      |                        [01;31m[K^~~~~~~~~~~~~~~~~~~~~~~~~~~~~~~~~~~~~~~[m[K
[01m[K/home/conner/mechatronics/IntroWorkSpaceCSommerfield/src/package1/src/publisher_member_function.cpp:34:85:[m[K [01;31m[Kerror: [m[Kno matching function for call to â€˜[01m[KPublisherClient::create_publisher<<expression error> >(const char [16], int)[m[Kâ€™
   34 |     publisher_ = this->create_publisher<package1::msg::Time()>("unix_epoch_time", 10[01;31m[K)[m[K;
      |                                                                                     [01;31m[K^[m[K
In file included from [01m[K/opt/ros/foxy/include/rclcpp/executors/single_threaded_executor.hpp:28[m[K,
                 from [01m[K/opt/ros/foxy/include/rclcpp/executors.hpp:22[m[K,
                 from [01m[K/opt/ros/foxy/include/rclcpp/rclcpp.hpp:146[m[K,
                 from [01m[K/home/conner/mechatronics/IntroWorkSpaceCSommerfield/src/package1/src/publisher_member_function.cpp:19[m[K:
[01m[K/opt/ros/foxy/include/rclcpp/node.hpp:184:3:[m[K [01;36m[Knote: [m[Kcandidate: â€˜[01m[Ktemplate<class MessageT, class AllocatorT, class PublisherT> std::shared_ptr<PublisherT> rclcpp::Node::create_publisher(const string&, const rclcpp::QoS&, const rclcpp::PublisherOptionsWithAllocator<AllocatorT>&)[m[Kâ€™
  184 |   [01;36m[Kcreate_publisher[m[K(
      |   [01;36m[K^~~~~~~~~~~~~~~~[m[K
[01m[K/opt/ros/foxy/include/rclcpp/node.hpp:184:3:[m[K [01;36m[Knote: [m[K  template argument deduction/substitution failed:
[01m[K/home/conner/mechatronics/IntroWorkSpaceCSommerfield/src/package1/src/publisher_member_function.cpp:34:85:[m[K [01;31m[Kerror: [m[Ktemplate argument 1 is invalid
   34 |     publisher_ = this->create_publisher<package1::msg::Time()>("unix_epoch_time", 10[01;31m[K)[m[K;
      |                                                                                     [01;31m[K^[m[K
[01m[K/home/conner/mechatronics/IntroWorkSpaceCSommerfield/src/package1/src/publisher_member_function.cpp:37:7:[m[K [01;31m[Kerror: [m[Kunable to find numeric literal operator â€˜[01m[Koperator""ms[m[Kâ€™
   37 |       [01;31m[K5000ms[m[K, std::bind(&PublisherClient::timer_callback, this));
      |       [01;31m[K^~~~~~[m[K
[01m[K/home/conner/mechatronics/IntroWorkSpaceCSommerfield/src/package1/src/publisher_member_function.cpp:[m[K In member function â€˜[01m[Kvoid PublisherClient::timer_callback()[m[Kâ€™:
[01m[K/home/conner/mechatronics/IntroWorkSpaceCSommerfield/src/package1/src/publisher_member_function.cpp:48:20:[m[K [01;31m[Kerror: [m[Kâ€˜[01m[Kpackage1[m[Kâ€™ has not been declared
   48 |     auto message = [01;31m[Kpackage1[m[K::msg::Time;
      |                    [01;31m[K^~~~~~~~[m[K
make[2]: *** [CMakeFiles/talker.dir/build.make:63: CMakeFiles/talker.dir/src/publisher_member_function.cpp.o] Error 1
make[1]: *** [CMakeFiles/Makefile2:123: CMakeFiles/talker.dir/all] Error 2
make: *** [Makefile:141: all] Error 2
