[0.024s] Invoking command in '/home/conner/mechatronics/IntroWorkSpaceCSommerfield/build/package1': CMAKE_PREFIX_PATH=/opt/ros/foxy /usr/bin/cmake --build /home/conner/mechatronics/IntroWorkSpaceCSommerfield/build/package1 -- -j8 -l8
[0.076s] [35m[1mScanning dependencies of target talker[0m
[0.085s] [  2%] Built target package1__cpp
[0.086s] [ 12%] Built target package1__rosidl_generator_c
[0.115s] [ 14%] [32mBuilding CXX object CMakeFiles/talker.dir/src/publisher_member_function.cpp.o[0m
[0.116s] [ 24%] Built target package1__rosidl_typesupport_c
[0.118s] [ 34%] Built target package1__rosidl_typesupport_cpp
[0.120s] [ 43%] Built target package1__rosidl_typesupport_introspection_c
[0.121s] [ 53%] Built target package1__rosidl_typesupport_introspection_cpp
[0.124s] [ 63%] Built target package1__rosidl_typesupport_fastrtps_cpp
[0.148s] [ 73%] Built target package1__rosidl_typesupport_fastrtps_c
[0.171s] [ 73%] Built target package1
[0.196s] [ 75%] Built target package1__py
[0.227s] [ 82%] Built target package1__python
[0.253s] [ 87%] Built target package1__rosidl_typesupport_c__pyext
[0.255s] [ 92%] Built target package1__rosidl_typesupport_fastrtps_c__pyext
[0.256s] [ 97%] Built target package1__rosidl_typesupport_introspection_c__pyext
[1.786s] In file included from [01m[K/home/conner/mechatronics/IntroWorkSpaceCSommerfield/src/package1/src/publisher_member_function.cpp:21[m[K:
[1.786s] [01m[K/home/conner/mechatronics/IntroWorkSpaceCSommerfield/src/package1/src/msg/Time.msg:1:1:[m[K [01;31m[Kerror: [m[Kâ€˜[01m[Kint64[m[Kâ€™ does not name a type; did you mean â€˜[01m[Krintf64[m[Kâ€™?
[1.786s]     1 | [01;31m[Kint64[m[K time
[1.787s]       | [01;31m[K^~~~~[m[K
[1.787s]       | [32m[Krintf64[m[K
[1.800s] [01m[K/home/conner/mechatronics/IntroWorkSpaceCSommerfield/src/package1/src/publisher_member_function.cpp:[m[K In constructor â€˜[01m[KPublisherClient::PublisherClient()[m[Kâ€™:
[1.800s] [01m[K/home/conner/mechatronics/IntroWorkSpaceCSommerfield/src/package1/src/publisher_member_function.cpp:34:41:[m[K [01;31m[Kerror: [m[Kâ€˜[01m[Kpackage1[m[Kâ€™ was not declared in this scope
[1.801s]    34 |     publisher_ = this->create_publisher<[01;31m[Kpackage1[m[K::msg::Time()>("unix_epoch_time", 10);
[1.801s]       |                                         [01;31m[K^~~~~~~~[m[K
[1.801s] [01m[K/home/conner/mechatronics/IntroWorkSpaceCSommerfield/src/package1/src/publisher_member_function.cpp:34:24:[m[K [01;31m[Kerror: [m[Kparse error in template argument list
[1.801s]    34 |     publisher_ = this->[01;31m[Kcreate_publisher<package1::msg::Time()>[m[K("unix_epoch_time", 10);
[1.801s]       |                        [01;31m[K^~~~~~~~~~~~~~~~~~~~~~~~~~~~~~~~~~~~~~~[m[K
[1.801s] [01m[K/home/conner/mechatronics/IntroWorkSpaceCSommerfield/src/package1/src/publisher_member_function.cpp:34:85:[m[K [01;31m[Kerror: [m[Kno matching function for call to â€˜[01m[KPublisherClient::create_publisher<<expression error> >(const char [16], int)[m[Kâ€™
[1.802s]    34 |     publisher_ = this->create_publisher<package1::msg::Time()>("unix_epoch_time", 10[01;31m[K)[m[K;
[1.802s]       |                                                                                     [01;31m[K^[m[K
[1.802s] In file included from [01m[K/opt/ros/foxy/include/rclcpp/executors/single_threaded_executor.hpp:28[m[K,
[1.802s]                  from [01m[K/opt/ros/foxy/include/rclcpp/executors.hpp:22[m[K,
[1.802s]                  from [01m[K/opt/ros/foxy/include/rclcpp/rclcpp.hpp:146[m[K,
[1.803s]                  from [01m[K/home/conner/mechatronics/IntroWorkSpaceCSommerfield/src/package1/src/publisher_member_function.cpp:19[m[K:
[1.803s] [01m[K/opt/ros/foxy/include/rclcpp/node.hpp:184:3:[m[K [01;36m[Knote: [m[Kcandidate: â€˜[01m[Ktemplate<class MessageT, class AllocatorT, class PublisherT> std::shared_ptr<PublisherT> rclcpp::Node::create_publisher(const string&, const rclcpp::QoS&, const rclcpp::PublisherOptionsWithAllocator<AllocatorT>&)[m[Kâ€™
[1.803s]   184 |   [01;36m[Kcreate_publisher[m[K(
[1.803s]       |   [01;36m[K^~~~~~~~~~~~~~~~[m[K
[1.803s] [01m[K/opt/ros/foxy/include/rclcpp/node.hpp:184:3:[m[K [01;36m[Knote: [m[K  template argument deduction/substitution failed:
[1.803s] [01m[K/home/conner/mechatronics/IntroWorkSpaceCSommerfield/src/package1/src/publisher_member_function.cpp:34:85:[m[K [01;31m[Kerror: [m[Ktemplate argument 1 is invalid
[1.804s]    34 |     publisher_ = this->create_publisher<package1::msg::Time()>("unix_epoch_time", 10[01;31m[K)[m[K;
[1.804s]       |                                                                                     [01;31m[K^[m[K
[1.804s] [01m[K/home/conner/mechatronics/IntroWorkSpaceCSommerfield/src/package1/src/publisher_member_function.cpp:37:7:[m[K [01;31m[Kerror: [m[Kunable to find numeric literal operator â€˜[01m[Koperator""ms[m[Kâ€™
[1.804s]    37 |       [01;31m[K5000ms[m[K, std::bind(&PublisherClient::timer_callback, this));
[1.805s]       |       [01;31m[K^~~~~~[m[K
[1.813s] [01m[K/home/conner/mechatronics/IntroWorkSpaceCSommerfield/src/package1/src/publisher_member_function.cpp:[m[K In member function â€˜[01m[Kvoid PublisherClient::timer_callback()[m[Kâ€™:
[1.813s] [01m[K/home/conner/mechatronics/IntroWorkSpaceCSommerfield/src/package1/src/publisher_member_function.cpp:48:20:[m[K [01;31m[Kerror: [m[Kâ€˜[01m[Kpackage1[m[Kâ€™ has not been declared
[1.813s]    48 |     auto message = [01;31m[Kpackage1[m[K::msg::Time;
[1.814s]       |                    [01;31m[K^~~~~~~~[m[K
[2.403s] make[2]: *** [CMakeFiles/talker.dir/build.make:63: CMakeFiles/talker.dir/src/publisher_member_function.cpp.o] Error 1
[2.403s] make[1]: *** [CMakeFiles/Makefile2:123: CMakeFiles/talker.dir/all] Error 2
[2.404s] make: *** [Makefile:141: all] Error 2
[2.408s] Invoked command in '/home/conner/mechatronics/IntroWorkSpaceCSommerfield/build/package1' returned '2': CMAKE_PREFIX_PATH=/opt/ros/foxy /usr/bin/cmake --build /home/conner/mechatronics/IntroWorkSpaceCSommerfield/build/package1 -- -j8 -l8
