[0.490s] Invoking command in '/home/conner/mechatronics/IntroWorkSpaceCSommerfield/build/package1': CMAKE_PREFIX_PATH=${CMAKE_PREFIX_PATH}:/opt/ros/foxy /usr/bin/cmake --build /home/conner/mechatronics/IntroWorkSpaceCSommerfield/build/package1 -- -j8 -l8
[0.589s] [35m[1mScanning dependencies of target talker[0m
[0.670s] [ 50%] [32mBuilding CXX object CMakeFiles/talker.dir/src/publisher_member_function.cpp.o[0m
[2.902s] [01m[K/home/conner/mechatronics/IntroWorkSpaceCSommerfield/src/package1/src/publisher_member_function.cpp:[m[K In member function â€˜[01m[Kvoid PublisherClient::timer_callback()[m[Kâ€™:
[2.902s] [01m[K/home/conner/mechatronics/IntroWorkSpaceCSommerfield/src/package1/src/publisher_member_function.cpp:106:39:[m[K [01;31m[Kerror: [m[Kno matching function for call to â€˜[01m[KPublisherClient::publishMessage()[m[Kâ€™
[2.903s]   106 |         auto message = publishMessage([01;31m[K)[m[K;
[2.903s]       |                                       [01;31m[K^[m[K
[2.904s] [01m[K/home/conner/mechatronics/IntroWorkSpaceCSommerfield/src/package1/src/publisher_member_function.cpp:49:13:[m[K [01;36m[Knote: [m[Kcandidate: â€˜[01m[Ktemplate<class Message> Message PublisherClient::publishMessage()[m[Kâ€™
[2.904s]    49 |     Message [01;36m[KpublishMessage[m[K()
[2.905s]       |             [01;36m[K^~~~~~~~~~~~~~[m[K
[2.905s] [01m[K/home/conner/mechatronics/IntroWorkSpaceCSommerfield/src/package1/src/publisher_member_function.cpp:49:13:[m[K [01;36m[Knote: [m[K  template argument deduction/substitution failed:
[2.913s] [01m[K/home/conner/mechatronics/IntroWorkSpaceCSommerfield/src/package1/src/publisher_member_function.cpp:106:39:[m[K [01;36m[Knote: [m[K  couldnâ€™t deduce template parameter â€˜[01m[KMessage[m[Kâ€™
[2.914s]   106 |         auto message = publishMessage([01;36m[K)[m[K;
[2.915s]       |                                       [01;36m[K^[m[K
[4.755s] make[2]: *** [CMakeFiles/talker.dir/build.make:63: CMakeFiles/talker.dir/src/publisher_member_function.cpp.o] Error 1
[4.756s] make[1]: *** [CMakeFiles/Makefile2:78: CMakeFiles/talker.dir/all] Error 2
[4.757s] make: *** [Makefile:141: all] Error 2
[4.764s] Invoked command in '/home/conner/mechatronics/IntroWorkSpaceCSommerfield/build/package1' returned '2': CMAKE_PREFIX_PATH=${CMAKE_PREFIX_PATH}:/opt/ros/foxy /usr/bin/cmake --build /home/conner/mechatronics/IntroWorkSpaceCSommerfield/build/package1 -- -j8 -l8
