[0.216s] Invoking command in '/home/conner/mechatronics/IntroWorkSpaceCSommerfield/build/package1': CMAKE_PREFIX_PATH=${CMAKE_PREFIX_PATH}:/opt/ros/foxy /usr/bin/cmake --build /home/conner/mechatronics/IntroWorkSpaceCSommerfield/build/package1 -- -j8 -l8
[0.306s] [35m[1mScanning dependencies of target talker[0m
[0.373s] [ 50%] [32mBuilding CXX object CMakeFiles/talker.dir/src/publisher_member_function.cpp.o[0m
[2.394s] [01m[K/home/conner/mechatronics/IntroWorkSpaceCSommerfield/src/package1/src/publisher_member_function.cpp:[m[K In member function â€˜[01m[Kvoid PublisherClient::timer_callback()[m[Kâ€™:
[2.394s] [01m[K/home/conner/mechatronics/IntroWorkSpaceCSommerfield/src/package1/src/publisher_member_function.cpp:67:20:[m[K [01;31m[Kerror: [m[Kâ€˜[01m[Kexample_interfaces[m[Kâ€™ was not declared in this scope; did you mean â€˜[01m[Krcl_interfaces[m[Kâ€™?
[2.398s]    67 |     rclcpp::Client<[01;31m[Kexample_interfaces[m[K::srv::AddTwoInts>::SharedPtr client_ =
[2.398s]       |                    [01;31m[K^~~~~~~~~~~~~~~~~~[m[K
[2.399s]       |                    [32m[Krcl_interfaces[m[K
[2.401s] [01m[K/home/conner/mechatronics/IntroWorkSpaceCSommerfield/src/package1/src/publisher_member_function.cpp:67:55:[m[K [01;31m[Kerror: [m[Ktemplate argument 1 is invalid
[2.401s]    67 |     rclcpp::Client<example_interfaces::srv::AddTwoInts[01;31m[K>[m[K::SharedPtr client_ =
[2.402s]       |                                                       [01;31m[K^[m[K
[2.402s] [01m[K/home/conner/mechatronics/IntroWorkSpaceCSommerfield/src/package1/src/publisher_member_function.cpp:67:68:[m[K [01;31m[Kerror: [m[Kqualified-id in declaration before â€˜[01m[Kclient_[m[Kâ€™
[2.402s]    67 |     rclcpp::Client<example_interfaces::srv::AddTwoInts>::SharedPtr [01;31m[Kclient_[m[K =
[2.403s]       |                                                                    [01;31m[K^~~~~~~[m[K
[2.409s] [01m[K/home/conner/mechatronics/IntroWorkSpaceCSommerfield/src/package1/src/publisher_member_function.cpp:76:20:[m[K [01;31m[Kerror: [m[Kreturn-statement with a value, in function returning â€˜[01m[Kvoid[m[Kâ€™ [[01;31m[K-fpermissive[m[K]
[2.409s]    76 |             return [01;31m[K0[m[K;
[2.410s]       |                    [01;31m[K^[m[K
[2.412s] [01m[K/home/conner/mechatronics/IntroWorkSpaceCSommerfield/src/package1/src/publisher_member_function.cpp:81:17:[m[K [01;31m[Kerror: [m[Kâ€˜[01m[Kclient[m[Kâ€™ was not declared in this scope; did you mean â€˜[01m[Kclient_[m[Kâ€™?
[2.412s]    81 |   auto result = [01;31m[Kclient[m[K->async_send_request(request);
[2.412s]       |                 [01;31m[K^~~~~~[m[K
[2.412s]       |                 [32m[Kclient_[m[K
[3.482s] make[2]: *** [CMakeFiles/talker.dir/build.make:63: CMakeFiles/talker.dir/src/publisher_member_function.cpp.o] Error 1
[3.482s] make[1]: *** [CMakeFiles/Makefile2:78: CMakeFiles/talker.dir/all] Error 2
[3.483s] make: *** [Makefile:141: all] Error 2
[3.487s] Invoked command in '/home/conner/mechatronics/IntroWorkSpaceCSommerfield/build/package1' returned '2': CMAKE_PREFIX_PATH=${CMAKE_PREFIX_PATH}:/opt/ros/foxy /usr/bin/cmake --build /home/conner/mechatronics/IntroWorkSpaceCSommerfield/build/package1 -- -j8 -l8
