[35m[1mScanning dependencies of target talker[0m
[ 12%] Built target package1__rosidl_generator_c
[ 12%] Built target package1__cpp
[ 14%] [32mBuilding CXX object CMakeFiles/talker.dir/src/publisher_member_function.cpp.o[0m
[ 24%] Built target package1__rosidl_typesupport_introspection_c
[ 34%] Built target package1__rosidl_typesupport_c
[ 48%] Built target package1__rosidl_typesupport_cpp
[ 53%] Built target package1__rosidl_typesupport_introspection_cpp
[ 63%] Built target package1__rosidl_typesupport_fastrtps_cpp
[ 73%] Built target package1__rosidl_typesupport_fastrtps_c
[ 73%] Built target package1
[ 75%] Built target package1__py
[ 82%] Built target package1__python
[ 95%] Built target package1__rosidl_typesupport_c__pyext
[ 97%] Built target package1__rosidl_typesupport_introspection_c__pyext
[ 97%] Built target package1__rosidl_typesupport_fastrtps_c__pyext
[01m[K/home/conner/mechatronics/IntroWorkSpaceCSommerfield/src/package1/src/publisher_member_function.cpp:[m[K In member function â€˜[01m[Kvoid PublisherClient::timer_callback()[m[Kâ€™:
[01m[K/home/conner/mechatronics/IntroWorkSpaceCSommerfield/src/package1/src/publisher_member_function.cpp:50:13:[m[K [01;31m[Kerror: [m[Kâ€˜[01m[Kstruct time_types::msg::Time_<std::allocator<void> >[m[Kâ€™ has no member named â€˜[01m[Kdata[m[Kâ€™
   50 |     message.[01;31m[Kdata[m[K = this->UnixEpochTime();
      |             [01;31m[K^~~~[m[K
make[2]: *** [CMakeFiles/talker.dir/build.make:63: CMakeFiles/talker.dir/src/publisher_member_function.cpp.o] Error 1
make[1]: *** [CMakeFiles/Makefile2:123: CMakeFiles/talker.dir/all] Error 2
make: *** [Makefile:141: all] Error 2
