[0.290s] Invoking command in '/home/conner/mechatronics/IntroWorkSpaceCSommerfield/build/package1': CMAKE_PREFIX_PATH=/opt/ros/foxy /usr/bin/cmake --build /home/conner/mechatronics/IntroWorkSpaceCSommerfield/build/package1 -- -j8 -l8
[0.535s] [35m[1mScanning dependencies of target talker[0m
[0.668s] [ 50%] [32mBuilding CXX object CMakeFiles/talker.dir/src/publisher_member_function.cpp.o[0m
[12.538s] [01m[K/home/conner/mechatronics/IntroWorkSpaceCSommerfield/src/package1/src/publisher_member_function.cpp:[m[K In member function â€˜[01m[Kvoid PublisherClient::timer_callback()[m[Kâ€™:
[12.539s] [01m[K/home/conner/mechatronics/IntroWorkSpaceCSommerfield/src/package1/src/publisher_member_function.cpp:47:35:[m[K [01;31m[Kerror: [m[Kâ€˜[01m[KInt64[m[Kâ€™ is not a member of â€˜[01m[Kstd_msgs::msg[m[Kâ€™
[12.540s]    47 |     auto message = std_msgs::msg::[01;31m[KInt64[m[K();
[12.541s]       |                                   [01;31m[K^~~~~[m[K
[20.195s] make[2]: *** [CMakeFiles/talker.dir/build.make:63: CMakeFiles/talker.dir/src/publisher_member_function.cpp.o] Error 1
[20.198s] make[1]: *** [CMakeFiles/Makefile2:78: CMakeFiles/talker.dir/all] Error 2
[20.199s] make: *** [Makefile:141: all] Error 2
[20.234s] Invoked command in '/home/conner/mechatronics/IntroWorkSpaceCSommerfield/build/package1' returned '2': CMAKE_PREFIX_PATH=/opt/ros/foxy /usr/bin/cmake --build /home/conner/mechatronics/IntroWorkSpaceCSommerfield/build/package1 -- -j8 -l8
