[0.199s] Invoking command in '/home/conner/mechatronics/IntroWorkSpaceCSommerfield/build/package1': CMAKE_PREFIX_PATH=${CMAKE_PREFIX_PATH}:/opt/ros/foxy /usr/bin/cmake --build /home/conner/mechatronics/IntroWorkSpaceCSommerfield/build/package1 -- -j8 -l8
[0.250s] [35m[1mScanning dependencies of target talker[0m
[0.280s] [ 50%] [32mBuilding CXX object CMakeFiles/talker.dir/src/publisher_member_function.cpp.o[0m
[1.935s] [01m[K/home/conner/mechatronics/IntroWorkSpaceCSommerfield/src/package1/src/publisher_member_function.cpp:[m[K In member function â€˜[01m[Kstd::shared_ptr<rclcpp::Node> PublisherClient::tempNode()[m[Kâ€™:
[1.935s] [01m[K/home/conner/mechatronics/IntroWorkSpaceCSommerfield/src/package1/src/publisher_member_function.cpp:70:9:[m[K [01;31m[Kerror: [m[Kâ€˜[01m[Knode[m[Kâ€™ was not declared in this scope; did you mean â€˜[01m[KNode[m[Kâ€™?
[1.935s]    70 |         [01;31m[Knode[m[K = rclcpp::Node::make_shared("convert_time");
[1.935s]       |         [01;31m[K^~~~[m[K
[1.935s]       |         [32m[KNode[m[K
[1.937s] [01m[K/home/conner/mechatronics/IntroWorkSpaceCSommerfield/src/package1/src/publisher_member_function.cpp:[m[K In member function â€˜[01m[Krclcpp::Client<time_types::srv::ConvertTime>::SharedPtr PublisherClient::buildClient()[m[Kâ€™:
[1.937s] [01m[K/home/conner/mechatronics/IntroWorkSpaceCSommerfield/src/package1/src/publisher_member_function.cpp:77:9:[m[K [01;31m[Kerror: [m[Kâ€˜[01m[Knode[m[Kâ€™ was not declared in this scope; did you mean â€˜[01m[KNode[m[Kâ€™?
[1.938s]    77 |         [01;31m[Knode[m[K->create_client<time_types::srv::ConvertTime>("convert_time");
[1.938s]       |         [01;31m[K^~~~[m[K
[1.938s]       |         [32m[KNode[m[K
[1.938s] [01m[K/home/conner/mechatronics/IntroWorkSpaceCSommerfield/src/package1/src/publisher_member_function.cpp:77:57:[m[K [01;31m[Kerror: [m[Kexpected primary-expression before â€˜[01m[K>[m[Kâ€™ token
[1.938s]    77 |         node->create_client<time_types::srv::ConvertTime[01;31m[K>[m[K("convert_time");
[1.938s]       |                                                         [01;31m[K^[m[K
[3.248s] make[2]: *** [CMakeFiles/talker.dir/build.make:63: CMakeFiles/talker.dir/src/publisher_member_function.cpp.o] Error 1
[3.249s] make[1]: *** [CMakeFiles/Makefile2:78: CMakeFiles/talker.dir/all] Error 2
[3.249s] make: *** [Makefile:141: all] Error 2
[3.255s] Invoked command in '/home/conner/mechatronics/IntroWorkSpaceCSommerfield/build/package1' returned '2': CMAKE_PREFIX_PATH=${CMAKE_PREFIX_PATH}:/opt/ros/foxy /usr/bin/cmake --build /home/conner/mechatronics/IntroWorkSpaceCSommerfield/build/package1 -- -j8 -l8
