[01m[K/home/conner/mechatronics/IntroWorkSpaceCSommerfield/src/package1/src/publisher_member_function.cpp:[m[K In function â€˜[01m[Kint main(int, char**)[m[Kâ€™:
[01m[K/home/conner/mechatronics/IntroWorkSpaceCSommerfield/src/package1/src/publisher_member_function.cpp:72:10:[m[K [01;31m[Kerror: [m[Kâ€˜[01m[Krclpy[m[Kâ€™ was not declared in this scope; did you mean â€˜[01m[Krclcpp[m[Kâ€™?
   72 |   while ([01;31m[Krclpy[m[K.ok()) {
      |          [01;31m[K^~~~~[m[K
      |          [32m[Krclcpp[m[K
[01m[K/home/conner/mechatronics/IntroWorkSpaceCSommerfield/src/package1/src/publisher_member_function.cpp:74:9:[m[K [01;31m[Kerror: [m[Kâ€˜[01m[Kfuture[m[Kâ€™ was not declared in this scope; did you mean â€˜[01m[Kstd::future[m[Kâ€™?
   74 |     if ([01;31m[Kfuture[m[K.done()){
      |         [01;31m[K^~~~~~[m[K
      |         [32m[Kstd::future[m[K
In file included from [01m[K/opt/ros/foxy/include/rclcpp/executors.hpp:18[m[K,
                 from [01m[K/opt/ros/foxy/include/rclcpp/rclcpp.hpp:146[m[K,
                 from [01m[K/home/conner/mechatronics/IntroWorkSpaceCSommerfield/src/package1/src/publisher_member_function.cpp:20[m[K:
[01m[K/usr/include/c++/9/future:125:11:[m[K [01;36m[Knote: [m[Kâ€˜[01m[Kstd::future[m[Kâ€™ declared here
  125 |     class [01;36m[Kfuture[m[K;
      |           [01;36m[K^~~~~~[m[K
[01m[K/home/conner/mechatronics/IntroWorkSpaceCSommerfield/src/package1/src/publisher_member_function.cpp:75:23:[m[K [01;31m[Kerror: [m[Kâ€˜[01m[Kresult[m[Kâ€™ was not declared in this scope
   75 |         printf("%ld", [01;31m[Kresult[m[K.get()->humantime);
      |                       [01;31m[K^~~~~~[m[K
make[2]: *** [CMakeFiles/talker.dir/build.make:63: CMakeFiles/talker.dir/src/publisher_member_function.cpp.o] Error 1
make[1]: *** [CMakeFiles/Makefile2:78: CMakeFiles/talker.dir/all] Error 2
make: *** [Makefile:141: all] Error 2
