[01m[K/home/conner/mechatronics/IntroWorkSpaceCSommerfield/src/package1/src/publisher_member_function.cpp:[m[K In member function â€˜[01m[Kvoid PublisherClient::timer_callback()[m[Kâ€™:
[01m[K/home/conner/mechatronics/IntroWorkSpaceCSommerfield/src/package1/src/publisher_member_function.cpp:118:29:[m[K [01;31m[Kerror: [m[Kno matching function for call to â€˜[01m[KPublisherClient::acceptRequest(rclcpp::Client<time_types::srv::ConvertTime>::SharedPtr&)[m[Kâ€™
  118 |         acceptRequest(client[01;31m[K)[m[K;
      |                             [01;31m[K^[m[K
[01m[K/home/conner/mechatronics/IntroWorkSpaceCSommerfield/src/package1/src/publisher_member_function.cpp:84:10:[m[K [01;36m[Knote: [m[Kcandidate: â€˜[01m[Ktemplate<class T> void PublisherClient::acceptRequest(rclcpp::Client<time_types::srv::ConvertTime>::SharedPtr, T)[m[Kâ€™
   84 |     void [01;36m[KacceptRequest[m[K(rclcpp::Client<time_types::srv::ConvertTime>::SharedPtr client, T message)
      |          [01;36m[K^~~~~~~~~~~~~[m[K
[01m[K/home/conner/mechatronics/IntroWorkSpaceCSommerfield/src/package1/src/publisher_member_function.cpp:84:10:[m[K [01;36m[Knote: [m[K  template argument deduction/substitution failed:
[01m[K/home/conner/mechatronics/IntroWorkSpaceCSommerfield/src/package1/src/publisher_member_function.cpp:118:29:[m[K [01;36m[Knote: [m[K  candidate expects 2 arguments, 1 provided
  118 |         acceptRequest(client[01;36m[K)[m[K;
      |                             [01;36m[K^[m[K
[01m[K/home/conner/mechatronics/IntroWorkSpaceCSommerfield/src/package1/src/publisher_member_function.cpp:120:54:[m[K [01;31m[Kerror: [m[Kâ€˜[01m[Kresult[m[Kâ€™ was not declared in this scope
  120 |         if (rclcpp::spin_until_future_complete(node, [01;31m[Kresult[m[K) ==
      |                                                      [01;31m[K^~~~~~[m[K
make[2]: *** [CMakeFiles/talker.dir/build.make:63: CMakeFiles/talker.dir/src/publisher_member_function.cpp.o] Error 1
make[1]: *** [CMakeFiles/Makefile2:78: CMakeFiles/talker.dir/all] Error 2
make: *** [Makefile:141: all] Error 2
