[0.284s] Invoking command in '/home/conner/mechatronics/IntroWorkSpaceCSommerfield/build/package1': CMAKE_PREFIX_PATH=${CMAKE_PREFIX_PATH}:/opt/ros/foxy /usr/bin/cmake --build /home/conner/mechatronics/IntroWorkSpaceCSommerfield/build/package1 -- -j8 -l8
[0.372s] [35m[1mScanning dependencies of target talker[0m
[0.431s] [ 50%] [32mBuilding CXX object CMakeFiles/talker.dir/src/publisher_member_function.cpp.o[0m
[2.069s] [01m[K/home/conner/mechatronics/IntroWorkSpaceCSommerfield/src/package1/src/publisher_member_function.cpp:81:22:[m[K [01;35m[Kwarning: [m[Kuse of â€˜[01m[Kauto[m[Kâ€™ in parameter declaration only available with â€˜[01m[K-fconcepts[m[Kâ€™
[2.070s]    81 |     void makeRequest([01;35m[Kauto[m[K result, std::shared_ptr<rclcpp::Node> node)
[2.070s]       |                      [01;35m[K^~~~[m[K
[2.098s] [01m[K/home/conner/mechatronics/IntroWorkSpaceCSommerfield/src/package1/src/publisher_member_function.cpp:[m[K In member function â€˜[01m[Kvoid PublisherClient::makeRequest(auto:12, std::shared_ptr<rclcpp::Node>)[m[Kâ€™:
[2.098s] [01m[K/home/conner/mechatronics/IntroWorkSpaceCSommerfield/src/package1/src/publisher_member_function.cpp:83:14:[m[K [01;31m[Kerror: [m[Kdeclaration of â€˜[01m[Kauto result[m[Kâ€™ shadows a parameter
[2.098s]    83 |         auto [01;31m[Kresult[m[K = client_->async_send_request(request);
[2.098s]       |              [01;31m[K^~~~~~[m[K
[2.101s] [01m[K/home/conner/mechatronics/IntroWorkSpaceCSommerfield/src/package1/src/publisher_member_function.cpp:83:51:[m[K [01;31m[Kerror: [m[Kâ€˜[01m[Krequest[m[Kâ€™ was not declared in this scope
[2.101s]    83 |         auto result = client_->async_send_request([01;31m[Krequest[m[K);
[2.101s]       |                                                   [01;31m[K^~~~~~~[m[K
[3.260s] make[2]: *** [CMakeFiles/talker.dir/build.make:63: CMakeFiles/talker.dir/src/publisher_member_function.cpp.o] Error 1
[3.260s] make[1]: *** [CMakeFiles/Makefile2:78: CMakeFiles/talker.dir/all] Error 2
[3.260s] make: *** [Makefile:141: all] Error 2
[3.263s] Invoked command in '/home/conner/mechatronics/IntroWorkSpaceCSommerfield/build/package1' returned '2': CMAKE_PREFIX_PATH=${CMAKE_PREFIX_PATH}:/opt/ros/foxy /usr/bin/cmake --build /home/conner/mechatronics/IntroWorkSpaceCSommerfield/build/package1 -- -j8 -l8
