[0.431s] Invoking command in '/home/conner/mechatronics/IntroWorkSpaceCSommerfield/build/package1': CMAKE_PREFIX_PATH=${CMAKE_PREFIX_PATH}:/opt/ros/foxy /usr/bin/cmake --build /home/conner/mechatronics/IntroWorkSpaceCSommerfield/build/package1 -- -j8 -l8
[0.525s] [35m[1mScanning dependencies of target talker[0m
[0.601s] [ 50%] [32mBuilding CXX object CMakeFiles/talker.dir/src/publisher_member_function.cpp.o[0m
[3.494s] [01m[K/home/conner/mechatronics/IntroWorkSpaceCSommerfield/src/package1/src/publisher_member_function.cpp:[m[K In function â€˜[01m[Kint main(int, char**)[m[Kâ€™:
[3.495s] [01m[K/home/conner/mechatronics/IntroWorkSpaceCSommerfield/src/package1/src/publisher_member_function.cpp:72:16:[m[K [01;31m[Kerror: [m[Kexpected primary-expression before â€˜[01m[K.[m[Kâ€™ token
[3.495s]    72 |   while (rclcpp[01;31m[K.[m[Kok()) {
[3.496s]       |                [01;31m[K^[m[K
[3.496s] [01m[K/home/conner/mechatronics/IntroWorkSpaceCSommerfield/src/package1/src/publisher_member_function.cpp:73:11:[m[K [01;31m[Kerror: [m[Kexpected primary-expression before â€˜[01m[K.[m[Kâ€™ token
[3.497s]    73 |     rclcpp[01;31m[K.[m[Kspin_once(std::make_shared<PublisherClient>());
[3.497s]       |           [01;31m[K^[m[K
[3.502s] [01m[K/home/conner/mechatronics/IntroWorkSpaceCSommerfield/src/package1/src/publisher_member_function.cpp:74:9:[m[K [01;31m[Kerror: [m[Kâ€˜[01m[Kfuture[m[Kâ€™ was not declared in this scope; did you mean â€˜[01m[Kstd::future[m[Kâ€™?
[3.503s]    74 |     if ([01;31m[Kfuture[m[K.done()){
[3.503s]       |         [01;31m[K^~~~~~[m[K
[3.504s]       |         [32m[Kstd::future[m[K
[3.504s] In file included from [01m[K/opt/ros/foxy/include/rclcpp/executors.hpp:18[m[K,
[3.504s]                  from [01m[K/opt/ros/foxy/include/rclcpp/rclcpp.hpp:146[m[K,
[3.505s]                  from [01m[K/home/conner/mechatronics/IntroWorkSpaceCSommerfield/src/package1/src/publisher_member_function.cpp:20[m[K:
[3.505s] [01m[K/usr/include/c++/9/future:125:11:[m[K [01;36m[Knote: [m[Kâ€˜[01m[Kstd::future[m[Kâ€™ declared here
[3.506s]   125 |     class [01;36m[Kfuture[m[K;
[3.506s]       |           [01;36m[K^~~~~~[m[K
[6.600s] make[2]: *** [CMakeFiles/talker.dir/build.make:63: CMakeFiles/talker.dir/src/publisher_member_function.cpp.o] Error 1
[6.601s] make[1]: *** [CMakeFiles/Makefile2:78: CMakeFiles/talker.dir/all] Error 2
[6.601s] make: *** [Makefile:141: all] Error 2
[6.614s] Invoked command in '/home/conner/mechatronics/IntroWorkSpaceCSommerfield/build/package1' returned '2': CMAKE_PREFIX_PATH=${CMAKE_PREFIX_PATH}:/opt/ros/foxy /usr/bin/cmake --build /home/conner/mechatronics/IntroWorkSpaceCSommerfield/build/package1 -- -j8 -l8
