[0.197s] Invoking command in '/home/conner/mechatronics/IntroWorkSpaceCSommerfield/build/package1': CMAKE_PREFIX_PATH=${CMAKE_PREFIX_PATH}:/opt/ros/foxy /usr/bin/cmake --build /home/conner/mechatronics/IntroWorkSpaceCSommerfield/build/package1 -- -j8 -l8
[0.251s] [35m[1mScanning dependencies of target talker[0m
[0.285s] [ 50%] [32mBuilding CXX object CMakeFiles/talker.dir/src/publisher_member_function.cpp.o[0m
[1.752s] [01m[K/home/conner/mechatronics/IntroWorkSpaceCSommerfield/src/package1/src/publisher_member_function.cpp:64:5:[m[K [01;31m[Kerror: [m[Kâ€˜[01m[Kpair[m[Kâ€™ does not name a type
[1.752s]    64 |     [01;31m[Kpair[m[K<std::shared_ptr<rclcpp::Node>, rclcpp::Client<time_types::srv::ConvertTime>::SharedPtr> clientNode()
[1.752s]       |     [01;31m[K^~~~[m[K
[1.752s] [01m[K/home/conner/mechatronics/IntroWorkSpaceCSommerfield/src/package1/src/publisher_member_function.cpp:80:91:[m[K [01;31m[Kerror: [m[Kexpected â€˜[01m[K,[m[Kâ€™ or â€˜[01m[K...[m[Kâ€™ before â€˜[01m[K>[m[Kâ€™ token
[1.752s]    80 | Request(long message, rclcpp::Client<time_types::srv::ConvertTime>::SharedPtr[01;31m[K>[m[K client)
[1.752s]       |                                                                              [01;31m[K^[m[K
[1.752s] 
[1.769s] [01m[K/home/conner/mechatronics/IntroWorkSpaceCSommerfield/src/package1/src/publisher_member_function.cpp:[m[K In member function â€˜[01m[Klong int PublisherClient::publishMessage()[m[Kâ€™:
[1.769s] [01m[K/home/conner/mechatronics/IntroWorkSpaceCSommerfield/src/package1/src/publisher_member_function.cpp:55:41:[m[K [01;31m[Kerror: [m[Kcannot convert â€˜[01m[Ktime_types::msg::Time[m[Kâ€™ {aka â€˜[01m[Ktime_types::msg::Time_<std::allocator<void> >[m[Kâ€™} to â€˜[01m[Klong int[m[Kâ€™ in initialization
[1.770s]    55 |         long message = time_types::msg::[01;31m[KTime()[m[K;
[1.770s]       |                                         [01;31m[K^~~~~~[m[K
[1.770s]       |                                         [01;31m[K|[m[K
[1.770s]       |                                         [01;31m[Ktime_types::msg::Time {aka time_types::msg::Time_<std::allocator<void> >}[m[K
[1.771s] [01m[K/home/conner/mechatronics/IntroWorkSpaceCSommerfield/src/package1/src/publisher_member_function.cpp:56:17:[m[K [01;31m[Kerror: [m[Krequest for member â€˜[01m[Ktime[m[Kâ€™ in â€˜[01m[Kmessage[m[Kâ€™, which is of non-class type â€˜[01m[Klong int[m[Kâ€™
[1.771s]    56 |         message.[01;31m[Ktime[m[K = this->UnixEpochTime();
[1.771s]       |                 [01;31m[K^~~~[m[K
[1.786s] [01m[K/home/conner/mechatronics/IntroWorkSpaceCSommerfield/src/package1/src/publisher_member_function.cpp:[m[K In member function â€˜[01m[Kvoid PublisherClient::makeRequest(long int, rclcpp::Client<time_types::srv::ConvertTime>::SharedPtr)[m[Kâ€™:
[1.786s] [01m[K/home/conner/mechatronics/IntroWorkSpaceCSommerfield/src/package1/src/publisher_member_function.cpp:83:37:[m[K [01;31m[Kerror: [m[Krequest for member â€˜[01m[Ktime[m[Kâ€™ in â€˜[01m[Kmessage[m[Kâ€™, which is of non-class type â€˜[01m[Klong int[m[Kâ€™
[1.786s]    83 |         request->unixtime = message.[01;31m[Ktime[m[K;
[1.786s]       |                                     [01;31m[K^~~~[m[K
[1.792s] [01m[K/home/conner/mechatronics/IntroWorkSpaceCSommerfield/src/package1/src/publisher_member_function.cpp:[m[K In member function â€˜[01m[Kvoid PublisherClient::awaitResponse(std::shared_ptr<rclcpp::Node>)[m[Kâ€™:
[1.793s] [01m[K/home/conner/mechatronics/IntroWorkSpaceCSommerfield/src/package1/src/publisher_member_function.cpp:97:54:[m[K [01;31m[Kerror: [m[Kâ€˜[01m[Kresult[m[Kâ€™ was not declared in this scope
[1.793s]    97 |         if (rclcpp::spin_until_future_complete(node, [01;31m[Kresult[m[K) == rclcpp::FutureReturnCode::SUCCESS)
[1.793s]       |                                                      [01;31m[K^~~~~~[m[K
[1.796s] [01m[K/home/conner/mechatronics/IntroWorkSpaceCSommerfield/src/package1/src/publisher_member_function.cpp:[m[K In member function â€˜[01m[Kvoid PublisherClient::timer_callback()[m[Kâ€™:
[1.796s] [01m[K/home/conner/mechatronics/IntroWorkSpaceCSommerfield/src/package1/src/publisher_member_function.cpp:115:9:[m[K [01;31m[Kerror: [m[Kâ€˜[01m[Knode[m[Kâ€™ was not declared in this scope; did you mean â€˜[01m[KNode[m[Kâ€™?
[1.797s]   115 |         [01;31m[Knode[m[K = PublisherClient::clientNode().first;
[1.797s]       |         [01;31m[K^~~~[m[K
[1.797s]       |         [32m[KNode[m[K
[1.797s] [01m[K/home/conner/mechatronics/IntroWorkSpaceCSommerfield/src/package1/src/publisher_member_function.cpp:115:33:[m[K [01;31m[Kerror: [m[Kâ€˜[01m[KclientNode[m[Kâ€™ is not a member of â€˜[01m[KPublisherClient[m[Kâ€™
[1.797s]   115 |         node = PublisherClient::[01;31m[KclientNode[m[K().first;
[1.798s]       |                                 [01;31m[K^~~~~~~~~~[m[K
[1.798s] [01m[K/home/conner/mechatronics/IntroWorkSpaceCSommerfield/src/package1/src/publisher_member_function.cpp:116:9:[m[K [01;31m[Kerror: [m[Kâ€˜[01m[Kclient[m[Kâ€™ was not declared in this scope; did you mean â€˜[01m[Kclient_[m[Kâ€™?
[1.798s]   116 |         [01;31m[Kclient[m[K = PublisherClient::clientNode().second;
[1.798s]       |         [01;31m[K^~~~~~[m[K
[1.798s]       |         [32m[Kclient_[m[K
[1.798s] [01m[K/home/conner/mechatronics/IntroWorkSpaceCSommerfield/src/package1/src/publisher_member_function.cpp:116:35:[m[K [01;31m[Kerror: [m[Kâ€˜[01m[KclientNode[m[Kâ€™ is not a member of â€˜[01m[KPublisherClient[m[Kâ€™
[1.798s]   116 |         client = PublisherClient::[01;31m[KclientNode[m[K().second;
[1.799s]       |                                   [01;31m[K^~~~~~~~~~[m[K
[2.988s] make[2]: *** [CMakeFiles/talker.dir/build.make:63: CMakeFiles/talker.dir/src/publisher_member_function.cpp.o] Error 1
[2.989s] make[1]: *** [CMakeFiles/Makefile2:78: CMakeFiles/talker.dir/all] Error 2
[2.989s] make: *** [Makefile:141: all] Error 2
[2.995s] Invoked command in '/home/conner/mechatronics/IntroWorkSpaceCSommerfield/build/package1' returned '2': CMAKE_PREFIX_PATH=${CMAKE_PREFIX_PATH}:/opt/ros/foxy /usr/bin/cmake --build /home/conner/mechatronics/IntroWorkSpaceCSommerfield/build/package1 -- -j8 -l8
