[0.297s] Invoking command in '/home/conner/mechatronics/IntroWorkSpaceCSommerfield/build/package1': CMAKE_PREFIX_PATH=${CMAKE_PREFIX_PATH}:/opt/ros/foxy /usr/bin/cmake --build /home/conner/mechatronics/IntroWorkSpaceCSommerfield/build/package1 -- -j8 -l8
[0.356s] [35m[1mScanning dependencies of target talker[0m
[0.390s] [ 50%] [32mBuilding CXX object CMakeFiles/talker.dir/src/publisher_member_function.cpp.o[0m
[2.096s] [01m[K/home/conner/mechatronics/IntroWorkSpaceCSommerfield/src/package1/src/publisher_member_function.cpp:[m[K In member function â€˜[01m[Kint64_t PublisherClient::publishMessage()[m[Kâ€™:
[2.096s] [01m[K/home/conner/mechatronics/IntroWorkSpaceCSommerfield/src/package1/src/publisher_member_function.cpp:55:44:[m[K [01;31m[Kerror: [m[Kcannot convert â€˜[01m[Ktime_types::msg::Time[m[Kâ€™ {aka â€˜[01m[Ktime_types::msg::Time_<std::allocator<void> >[m[Kâ€™} to â€˜[01m[Kint64_t[m[Kâ€™ {aka â€˜[01m[Klong int[m[Kâ€™} in initialization
[2.097s]    55 |         int64_t message = time_types::msg::[01;31m[KTime()[m[K;
[2.097s]       |                                            [01;31m[K^~~~~~[m[K
[2.097s]       |                                            [01;31m[K|[m[K
[2.097s]       |                                            [01;31m[Ktime_types::msg::Time {aka time_types::msg::Time_<std::allocator<void> >}[m[K
[2.097s] [01m[K/home/conner/mechatronics/IntroWorkSpaceCSommerfield/src/package1/src/publisher_member_function.cpp:56:17:[m[K [01;31m[Kerror: [m[Krequest for member â€˜[01m[Ktime[m[Kâ€™ in â€˜[01m[Kmessage[m[Kâ€™, which is of non-class type â€˜[01m[Kint64_t[m[Kâ€™ {aka â€˜[01m[Klong int[m[Kâ€™}
[2.097s]    56 |         message.[01;31m[Ktime[m[K = this->UnixEpochTime();
[2.098s]       |                 [01;31m[K^~~~[m[K
[2.109s] [01m[K/home/conner/mechatronics/IntroWorkSpaceCSommerfield/src/package1/src/publisher_member_function.cpp:[m[K In member function â€˜[01m[Kvoid PublisherClient::makeRequest(int64_t, rclcpp::Client<time_types::srv::ConvertTime>::SharedPtr)[m[Kâ€™:
[2.110s] [01m[K/home/conner/mechatronics/IntroWorkSpaceCSommerfield/src/package1/src/publisher_member_function.cpp:83:82:[m[K [01;31m[Kerror: [m[Kcannot convert â€˜[01m[Kstd::shared_ptr<time_types::srv::ConvertTime_Request_<std::allocator<void> > >[m[Kâ€™ to â€˜[01m[Kint64_t[m[Kâ€™ {aka â€˜[01m[Klong int[m[Kâ€™} in initialization
[2.110s]    83 |         int64_t request = [01;31m[Kstd::make_shared<time_types::srv::ConvertTime::Request>()[m[K;
[2.110s]       |                           [01;31m[K~~~~~~~~~~~~~~~~~~~~~~~~~~~~~~~~~~~~~~~~~~~~~~~~~~~~~~~^~[m[K
[2.110s]       |                                                                                  [01;31m[K|[m[K
[2.110s]       |                                                                                  [01;31m[Kstd::shared_ptr<time_types::srv::ConvertTime_Request_<std::allocator<void> > >[m[K
[2.110s] [01m[K/home/conner/mechatronics/IntroWorkSpaceCSommerfield/src/package1/src/publisher_member_function.cpp:84:16:[m[K [01;31m[Kerror: [m[Kbase operand of â€˜[01m[K->[m[Kâ€™ is not a pointer
[2.110s]    84 |         request[01;31m[K->[m[Kunixtime = message.time;
[2.110s]       |                [01;31m[K^~[m[K
[2.111s] [01m[K/home/conner/mechatronics/IntroWorkSpaceCSommerfield/src/package1/src/publisher_member_function.cpp:84:37:[m[K [01;31m[Kerror: [m[Krequest for member â€˜[01m[Ktime[m[Kâ€™ in â€˜[01m[Kmessage[m[Kâ€™, which is of non-class type â€˜[01m[Kint64_t[m[Kâ€™ {aka â€˜[01m[Klong int[m[Kâ€™}
[2.111s]    84 |         request->unixtime = message.[01;31m[Ktime[m[K;
[2.111s]       |                                     [01;31m[K^~~~[m[K
[2.115s] [01m[K/home/conner/mechatronics/IntroWorkSpaceCSommerfield/src/package1/src/publisher_member_function.cpp:[m[K In member function â€˜[01m[Kvoid PublisherClient::timer_callback()[m[Kâ€™:
[2.115s] [01m[K/home/conner/mechatronics/IntroWorkSpaceCSommerfield/src/package1/src/publisher_member_function.cpp:106:51:[m[K [01;31m[Kerror: [m[Kâ€˜[01m[Krequest[m[Kâ€™ was not declared in this scope
[2.115s]   106 |         auto result = client_->async_send_request([01;31m[Krequest[m[K);
[2.115s]       |                                                   [01;31m[K^~~~~~~[m[K
[3.273s] make[2]: *** [CMakeFiles/talker.dir/build.make:63: CMakeFiles/talker.dir/src/publisher_member_function.cpp.o] Error 1
[3.273s] make[1]: *** [CMakeFiles/Makefile2:78: CMakeFiles/talker.dir/all] Error 2
[3.273s] make: *** [Makefile:141: all] Error 2
[3.276s] Invoked command in '/home/conner/mechatronics/IntroWorkSpaceCSommerfield/build/package1' returned '2': CMAKE_PREFIX_PATH=${CMAKE_PREFIX_PATH}:/opt/ros/foxy /usr/bin/cmake --build /home/conner/mechatronics/IntroWorkSpaceCSommerfield/build/package1 -- -j8 -l8
