[0.318s] Invoking command in '/home/conner/mechatronics/IntroWorkSpaceCSommerfield/build/package1': CMAKE_PREFIX_PATH=${CMAKE_PREFIX_PATH}:/opt/ros/foxy /usr/bin/cmake --build /home/conner/mechatronics/IntroWorkSpaceCSommerfield/build/package1 -- -j8 -l8
[0.369s] [35m[1mScanning dependencies of target talker[0m
[0.404s] [ 50%] [32mBuilding CXX object CMakeFiles/talker.dir/src/publisher_member_function.cpp.o[0m
[1.944s] [01m[K/home/conner/mechatronics/IntroWorkSpaceCSommerfield/src/package1/src/publisher_member_function.cpp:81:22:[m[K [01;35m[Kwarning: [m[Kuse of â€˜[01m[Kauto[m[Kâ€™ in parameter declaration only available with â€˜[01m[K-fconcepts[m[Kâ€™
[1.944s]    81 |     void makeRequest([01;35m[Kauto[m[K message, rclcpp::Client<time_types::srv::ConvertTime>::SharedPtr client)
[1.945s]       |                      [01;35m[K^~~~[m[K
[1.972s] [01m[K/home/conner/mechatronics/IntroWorkSpaceCSommerfield/src/package1/src/publisher_member_function.cpp:[m[K In member function â€˜[01m[Kvoid PublisherClient::timer_callback()[m[Kâ€™:
[1.972s] [01m[K/home/conner/mechatronics/IntroWorkSpaceCSommerfield/src/package1/src/publisher_member_function.cpp:106:51:[m[K [01;31m[Kerror: [m[Kâ€˜[01m[Krequest[m[Kâ€™ was not declared in this scope
[1.972s]   106 |         auto result = client_->async_send_request([01;31m[Krequest[m[K);
[1.972s]       |                                                   [01;31m[K^~~~~~~[m[K
[2.079s] /home/conner/mechatronics/IntroWorkSpaceCSommerfield/src/package1/src/publisher_member_function.cpp: In instantiation of â€˜[01m[Kvoid PublisherClient::makeRequest(auto:12, rclcpp::Client<time_types::srv::ConvertTime>::SharedPtr) [with auto:12 = time_types::msg::Time_<std::allocator<void> >; rclcpp::Client<time_types::srv::ConvertTime>::SharedPtr = std::shared_ptr<rclcpp::Client<time_types::srv::ConvertTime> >][m[Kâ€™:
[2.080s] [01m[K/home/conner/mechatronics/IntroWorkSpaceCSommerfield/src/package1/src/publisher_member_function.cpp:104:37:[m[K   required from here
[2.080s] [01m[K/home/conner/mechatronics/IntroWorkSpaceCSommerfield/src/package1/src/publisher_member_function.cpp:81:92:[m[K [01;35m[Kwarning: [m[Kunused parameter â€˜[01m[Kclient[m[Kâ€™ [[01;35m[K-Wunused-parameter[m[K]
[2.080s]    81 | eRequest(auto message, [01;35m[Krclcpp::Client<time_types::srv::ConvertTime>::SharedPtr client[m[K)
[2.080s]       |                        [01;35m[K~~~~~~~~~~~~~~~~~~~~~~~~~~~~~~~~~~~~~~~~~~~~~~~~~~~~~~~~^~~~~~[m[K
[2.080s] 
[3.113s] make[2]: *** [CMakeFiles/talker.dir/build.make:63: CMakeFiles/talker.dir/src/publisher_member_function.cpp.o] Error 1
[3.113s] make[1]: *** [CMakeFiles/Makefile2:78: CMakeFiles/talker.dir/all] Error 2
[3.113s] make: *** [Makefile:141: all] Error 2
[3.116s] Invoked command in '/home/conner/mechatronics/IntroWorkSpaceCSommerfield/build/package1' returned '2': CMAKE_PREFIX_PATH=${CMAKE_PREFIX_PATH}:/opt/ros/foxy /usr/bin/cmake --build /home/conner/mechatronics/IntroWorkSpaceCSommerfield/build/package1 -- -j8 -l8
