[0.041s] Invoking command in '/home/conner/mechatronics/IntroWorkSpaceCSommerfield/build/package1': CMAKE_PREFIX_PATH=/opt/ros/foxy /usr/bin/cmake --build /home/conner/mechatronics/IntroWorkSpaceCSommerfield/build/package1 -- -j8 -l8
[0.115s] [35m[1mScanning dependencies of target client[0m
[0.128s] [  2%] Built target package1__cpp
[0.134s] [ 11%] Built target package1__rosidl_generator_c
[0.139s] [ 13%] [32mBuilding CXX object CMakeFiles/talker.dir/src/publisher_member_function.cpp.o[0m
[0.164s] [ 16%] [32mBuilding CXX object CMakeFiles/client.dir/src/convert_time_client.cpp.o[0m
[0.171s] [ 32%] Built target package1__rosidl_typesupport_cpp
[0.172s] [ 34%] Built target package1__rosidl_typesupport_introspection_cpp
[0.179s] [ 53%] Built target package1__rosidl_typesupport_c
[0.180s] [ 53%] Built target package1__rosidl_typesupport_fastrtps_cpp
[0.181s] [ 62%] Built target package1__rosidl_typesupport_introspection_c
[0.220s] [ 72%] Built target package1__rosidl_typesupport_fastrtps_c
[0.254s] [ 72%] Built target package1
[0.284s] [ 74%] Built target package1__py
[0.315s] [01m[K/home/conner/mechatronics/IntroWorkSpaceCSommerfield/src/package1/src/convert_time_client.cpp:7:10:[m[K [01;31m[Kfatal error: [m[Kstd:: No such file or directory
[0.316s]     7 | #include [01;31m[K<std:>[m[K
[0.316s]       |          [01;31m[K^~~~~~[m[K
[0.316s] compilation terminated.
[0.322s] make[2]: *** [CMakeFiles/client.dir/build.make:63: CMakeFiles/client.dir/src/convert_time_client.cpp.o] Error 1
[0.322s] make[1]: *** [CMakeFiles/Makefile2:125: CMakeFiles/client.dir/all] Error 2
[0.322s] make[1]: *** Waiting for unfinished jobs....
[0.330s] [ 81%] Built target package1__python
[2.071s] [01m[K/home/conner/mechatronics/IntroWorkSpaceCSommerfield/src/package1/src/publisher_member_function.cpp:[m[K In member function â€˜[01m[Kvoid MinimalPublisher::timer_callback()[m[Kâ€™:
[2.072s] [01m[K/home/conner/mechatronics/IntroWorkSpaceCSommerfield/src/package1/src/publisher_member_function.cpp:58:1:[m[K [01;31m[Kerror: [m[Kversion control conflict marker in file
[2.072s]    58 | [01;31m[K>>>>>>>[m[K parent of 7aa59ed... client/server branch initial commit
[2.072s]       | [01;31m[K^~~~~~~[m[K
[3.275s] make[2]: *** [CMakeFiles/talker.dir/build.make:63: CMakeFiles/talker.dir/src/publisher_member_function.cpp.o] Error 1
[3.275s] make[1]: *** [CMakeFiles/Makefile2:152: CMakeFiles/talker.dir/all] Error 2
[3.275s] make: *** [Makefile:141: all] Error 2
[3.281s] Invoked command in '/home/conner/mechatronics/IntroWorkSpaceCSommerfield/build/package1' returned '2': CMAKE_PREFIX_PATH=/opt/ros/foxy /usr/bin/cmake --build /home/conner/mechatronics/IntroWorkSpaceCSommerfield/build/package1 -- -j8 -l8
