[0.559s] Invoking command in '/home/conner/mechatronics/IntroWorkSpaceCSommerfield/build/package1': CMAKE_PREFIX_PATH=${CMAKE_PREFIX_PATH}:/opt/ros/foxy /usr/bin/cmake --build /home/conner/mechatronics/IntroWorkSpaceCSommerfield/build/package1 -- -j8 -l8
[1.005s] [35m[1mScanning dependencies of target talker[0m
[1.193s] [ 50%] [32mBuilding CXX object CMakeFiles/talker.dir/src/publisher_member_function.cpp.o[0m
[4.694s] [01m[K/home/conner/mechatronics/IntroWorkSpaceCSommerfield/src/package1/src/publisher_member_function.cpp:[m[K In member function â€˜[01m[Kvoid PublisherClient::timer_callback()[m[Kâ€™:
[4.694s] [01m[K/home/conner/mechatronics/IntroWorkSpaceCSommerfield/src/package1/src/publisher_member_function.cpp:121:50:[m[K [01;31m[Kerror: [m[Kâ€˜[01m[Krequest[m[Kâ€™ was not declared in this scope
[4.695s]   121 |         auto result = client->async_send_request([01;31m[Krequest[m[K);
[4.695s]       |                                                  [01;31m[K^~~~~~~[m[K
[4.695s] [01m[K/home/conner/mechatronics/IntroWorkSpaceCSommerfield/src/package1/src/publisher_member_function.cpp:122:29:[m[K [01;31m[Kerror: [m[Kno matching function for call to â€˜[01m[KPublisherClient::acceptRequest(rclcpp::Client<time_types::srv::ConvertTime>::SharedPtr&)[m[Kâ€™
[4.696s]   122 |         acceptRequest(client[01;31m[K)[m[K;
[4.696s]       |                             [01;31m[K^[m[K
[4.696s] [01m[K/home/conner/mechatronics/IntroWorkSpaceCSommerfield/src/package1/src/publisher_member_function.cpp:84:10:[m[K [01;36m[Knote: [m[Kcandidate: â€˜[01m[Ktemplate<class T> void PublisherClient::acceptRequest(rclcpp::Client<time_types::srv::ConvertTime>::SharedPtr, T)[m[Kâ€™
[4.696s]    84 |     void [01;36m[KacceptRequest[m[K(rclcpp::Client<time_types::srv::ConvertTime>::SharedPtr client, T message)
[4.696s]       |          [01;36m[K^~~~~~~~~~~~~[m[K
[4.697s] [01m[K/home/conner/mechatronics/IntroWorkSpaceCSommerfield/src/package1/src/publisher_member_function.cpp:84:10:[m[K [01;36m[Knote: [m[K  template argument deduction/substitution failed:
[4.697s] [01m[K/home/conner/mechatronics/IntroWorkSpaceCSommerfield/src/package1/src/publisher_member_function.cpp:122:29:[m[K [01;36m[Knote: [m[K  candidate expects 2 arguments, 1 provided
[4.697s]   122 |         acceptRequest(client[01;36m[K)[m[K;
[4.697s]       |                             [01;36m[K^[m[K
[6.682s] make[2]: *** [CMakeFiles/talker.dir/build.make:63: CMakeFiles/talker.dir/src/publisher_member_function.cpp.o] Error 1
[6.683s] make[1]: *** [CMakeFiles/Makefile2:78: CMakeFiles/talker.dir/all] Error 2
[6.684s] make: *** [Makefile:141: all] Error 2
[6.692s] Invoked command in '/home/conner/mechatronics/IntroWorkSpaceCSommerfield/build/package1' returned '2': CMAKE_PREFIX_PATH=${CMAKE_PREFIX_PATH}:/opt/ros/foxy /usr/bin/cmake --build /home/conner/mechatronics/IntroWorkSpaceCSommerfield/build/package1 -- -j8 -l8
