[0.031s] Invoking command in '/home/conner/mechatronics/IntroWorkSpaceCSommerfield/build/time_types': CMAKE_PREFIX_PATH=${CMAKE_PREFIX_PATH}:/opt/ros/foxy /usr/bin/cmake --build /home/conner/mechatronics/IntroWorkSpaceCSommerfield/build/time_types -- -j8 -l8
[0.057s] -- Found ament_cmake: 0.9.11 (/opt/ros/foxy/share/ament_cmake/cmake)
[0.085s] -- Found PythonInterp: /usr/bin/python3 (found suitable version "3.8.10", minimum required is "3") 
[0.085s] -- Using PYTHON_EXECUTABLE: /usr/bin/python3
[0.286s] -- Found rosidl_default_generators: 1.0.1 (/opt/ros/foxy/share/rosidl_default_generators/cmake)
[0.289s] -- Using all available rosidl_typesupport_c: rosidl_typesupport_fastrtps_c;rosidl_typesupport_introspection_c
[0.295s] -- Found rosidl_adapter: 1.3.0 (/opt/ros/foxy/share/rosidl_adapter/cmake)
[5.896s] -- Using all available rosidl_typesupport_cpp: rosidl_typesupport_fastrtps_cpp;rosidl_typesupport_introspection_cpp
[5.947s] -- Found PythonInterp: /usr/bin/python3 (found version "3.8.10") 
[6.607s] CMake Error at /opt/ros/foxy/share/rosidl_adapter/cmake/rosidl_adapt_interfaces.cmake:60 (message):
[6.607s]   execute_process(/usr/bin/python3 -m rosidl_adapter --package-name
[6.607s]   time_types --arguments-file
[6.607s]   /home/conner/mechatronics/IntroWorkSpaceCSommerfield/build/time_types/rosidl_adapter__arguments__time_types.json
[6.607s]   --output-dir
[6.607s]   /home/conner/mechatronics/IntroWorkSpaceCSommerfield/build/time_types/rosidl_adapter/time_types
[6.608s]   --output-file
[6.608s]   /home/conner/mechatronics/IntroWorkSpaceCSommerfield/build/time_types/rosidl_adapter/time_types.idls)
[6.608s]   returned error code 1:
[6.608s] 
[6.608s]   Error processing 'std::string humantime' of
[6.608s]   'time_types/ConvertTime_Response': ''std::string' is an invalid message
[6.608s]   name.  It should have the pattern '^[A-Z][A-Za-z0-9]*$''
[6.608s] 
[6.608s]   Traceback (most recent call last):
[6.609s] 
[6.609s]     File "/usr/lib/python3.8/runpy.py", line 194, in _run_module_as_main
[6.609s]       return _run_code(code, main_globals, None,
[6.609s]     File "/usr/lib/python3.8/runpy.py", line 87, in _run_code
[6.609s]       exec(code, run_globals)
[6.609s]     File "/opt/ros/foxy/lib/python3.8/site-packages/rosidl_adapter/__main__.py", line 19, in <module>
[6.609s]       sys.exit(main())
[6.609s]     File "/opt/ros/foxy/lib/python3.8/site-packages/rosidl_adapter/main.py", line 53, in main
[6.609s]       abs_idl_file = convert_to_idl(
[6.610s]     File "/opt/ros/foxy/lib/python3.8/site-packages/rosidl_adapter/__init__.py", line 24, in convert_to_idl
[6.610s]       return convert_srv_to_idl(
[6.610s]     File "/opt/ros/foxy/lib/python3.8/site-packages/rosidl_adapter/srv/__init__.py", line 28, in convert_srv_to_idl
[6.610s]       srv = parse_service_string(package_name, input_file.stem, content)
[6.610s]     File "/opt/ros/foxy/lib/python3.8/site-packages/rosidl_adapter/parser.py", line 856, in parse_service_string
[6.610s]       response_message = parse_message_string(
[6.610s]     File "/opt/ros/foxy/lib/python3.8/site-packages/rosidl_adapter/parser.py", line 516, in parse_message_string
[6.610s]       Type(type_string, context_package_name=pkg_name),
[6.611s]     File "/opt/ros/foxy/lib/python3.8/site-packages/rosidl_adapter/parser.py", line 276, in __init__
[6.611s]       super(Type, self).__init__(
[6.611s]     File "/opt/ros/foxy/lib/python3.8/site-packages/rosidl_adapter/parser.py", line 204, in __init__
[6.611s]       raise InvalidResourceName(
[6.611s] 
[6.611s]   rosidl_adapter.parser.InvalidResourceName: 'std::string' is an invalid
[6.611s]   message name.  It should have the pattern '^[A-Z][A-Za-z0-9]*$'
[6.611s] 
[6.612s] Call Stack (most recent call first):
[6.612s]   /opt/ros/foxy/share/rosidl_cmake/cmake/rosidl_generate_interfaces.cmake:130 (rosidl_adapt_interfaces)
[6.612s]   CMakeLists.txt:17 (rosidl_generate_interfaces)
[6.612s] 
[6.612s] 
[6.612s] -- Configuring incomplete, errors occurred!
[6.612s] See also "/home/conner/mechatronics/IntroWorkSpaceCSommerfield/build/time_types/CMakeFiles/CMakeOutput.log".
[6.615s] make: *** [Makefile:988: cmake_check_build_system] Error 1
[6.618s] Invoked command in '/home/conner/mechatronics/IntroWorkSpaceCSommerfield/build/time_types' returned '2': CMAKE_PREFIX_PATH=${CMAKE_PREFIX_PATH}:/opt/ros/foxy /usr/bin/cmake --build /home/conner/mechatronics/IntroWorkSpaceCSommerfield/build/time_types -- -j8 -l8
