Traceback (most recent call last):
  File "/root/ros2_foxy/ros2-linux/share/ament_cmake_core/cmake/package_templates/templates_2_cmake.py", line 21, in <module>
    from ament_package.templates import get_environment_hook_template_path
ModuleNotFoundError: No module named 'ament_package'
[31mCMake Error at /root/ros2_foxy/ros2-linux/share/ament_cmake_core/cmake/ament_cmake_package_templates-extras.cmake:41 (message):
  execute_process(/usr/bin/python3.10
  /root/ros2_foxy/ros2-linux/share/ament_cmake_core/cmake/package_templates/templates_2_cmake.py
  /root/IntroWorkSpaceTalor/build/interfaces/ament_cmake_package_templates/templates.cmake)
  returned error code 1
Call Stack (most recent call first):
  /root/ros2_foxy/ros2-linux/share/ament_cmake_core/cmake/ament_cmake_coreConfig.cmake:41 (include)
  /root/ros2_foxy/ros2-linux/share/ament_cmake/cmake/ament_cmake_export_dependencies-extras.cmake:15 (find_package)
  /root/ros2_foxy/ros2-linux/share/ament_cmake/cmake/ament_cmakeConfig.cmake:41 (include)
  CMakeLists.txt:9 (find_package)

[0m
gmake: *** [Makefile:963: cmake_check_build_system] Error 1
