[0.368s] Invoking command in '/home/conner/mechatronics/IntroWorkSpaceCSommerfield/build/package1': CMAKE_PREFIX_PATH=${CMAKE_PREFIX_PATH}:/opt/ros/foxy /usr/bin/cmake --build /home/conner/mechatronics/IntroWorkSpaceCSommerfield/build/package1 -- -j8 -l8
[0.419s] [35m[1mScanning dependencies of target talker[0m
[0.452s] [ 50%] [32mBuilding CXX object CMakeFiles/talker.dir/src/publisher_member_function.cpp.o[0m
[1.894s] [01m[K/home/conner/mechatronics/IntroWorkSpaceCSommerfield/src/package1/src/publisher_member_function.cpp:93:60:[m[K [01;35m[Kwarning: [m[Kuse of â€˜[01m[Kauto[m[Kâ€™ in parameter declaration only available with â€˜[01m[K-fconcepts[m[Kâ€™
[1.894s]    93 |     void processResult(std::shared_ptr<rclcpp::Node> node, [01;35m[Kauto[m[K result)
[1.895s]       |                                                            [01;35m[K^~~~[m[K
[1.925s] [01m[K/home/conner/mechatronics/IntroWorkSpaceCSommerfield/src/package1/src/publisher_member_function.cpp:[m[K In member function â€˜[01m[Kvoid PublisherClient::timer_callback()[m[Kâ€™:
[1.925s] [01m[K/home/conner/mechatronics/IntroWorkSpaceCSommerfield/src/package1/src/publisher_member_function.cpp:117:21:[m[K [01;31m[Kerror: [m[Kno matching function for call to â€˜[01m[KPublisherClient::makeRequest()[m[Kâ€™
[1.925s]   117 |         makeRequest([01;31m[K)[m[K;
[1.925s]       |                     [01;31m[K^[m[K
[1.925s] [01m[K/home/conner/mechatronics/IntroWorkSpaceCSommerfield/src/package1/src/publisher_member_function.cpp:81:10:[m[K [01;36m[Knote: [m[Kcandidate: â€˜[01m[Kvoid PublisherClient::makeRequest(rclcpp::Client<time_types::srv::ConvertTime>::SharedPtr)[m[Kâ€™
[1.926s]    81 |     void [01;36m[KmakeRequest[m[K(rclcpp::Client<time_types::srv::ConvertTime>::SharedPtr client_ )
[1.926s]       |          [01;36m[K^~~~~~~~~~~[m[K
[1.926s] [01m[K/home/conner/mechatronics/IntroWorkSpaceCSommerfield/src/package1/src/publisher_member_function.cpp:81:10:[m[K [01;36m[Knote: [m[K  candidate expects 1 argument, 0 provided
[3.025s] make[2]: *** [CMakeFiles/talker.dir/build.make:63: CMakeFiles/talker.dir/src/publisher_member_function.cpp.o] Error 1
[3.025s] make[1]: *** [CMakeFiles/Makefile2:78: CMakeFiles/talker.dir/all] Error 2
[3.025s] make: *** [Makefile:141: all] Error 2
[3.031s] Invoked command in '/home/conner/mechatronics/IntroWorkSpaceCSommerfield/build/package1' returned '2': CMAKE_PREFIX_PATH=${CMAKE_PREFIX_PATH}:/opt/ros/foxy /usr/bin/cmake --build /home/conner/mechatronics/IntroWorkSpaceCSommerfield/build/package1 -- -j8 -l8
